<?xml version="1.0" encoding="UTF-8"?>
<robot generator="Robot 7.4.1 (Python 3.14.3 on win32)" generated="2026-02-20T16:05:30.536116" rpa="false" schemaversion="5">
<suite id="s1" name="Cnwave Cb1 Matrix" source="C:\Users\srt001\OneDrive - Cambium Networks Limited\Desktop\cnWave\cnWave_60Ghz_automation\cnwave\cnwave_cb1_matrix.robot">
<kw name="Connect To Controller" owner="cnwave_keywords" type="SETUP">
<kw name="Evaluate" owner="BuiltIn">
<msg time="2026-02-20T16:05:31.076218" level="FAIL">Evaluating expression '__import__("cnwave.client").client.CnWaveClient("10.110.186.201", "admin", "admin1234", port=6443, verify_ssl=False)' failed: ModuleNotFoundError: No module named 'cnwave'</msg>
<var>${client}</var>
<arg>__import__("cnwave.client").client.CnWaveClient("${host}", "${username}", "${password}", port=${port}, verify_ssl=False)</arg>
<arg>modules=cnwave.client</arg>
<doc>Evaluates the given expression in Python and returns the result.</doc>
<status status="FAIL" start="2026-02-20T16:05:31.073689" elapsed="0.002805">Evaluating expression '__import__("cnwave.client").client.CnWaveClient("10.110.186.201", "admin", "admin1234", port=6443, verify_ssl=False)' failed: ModuleNotFoundError: No module named 'cnwave'</status>
</kw>
<kw name="Set Suite Variable" owner="BuiltIn">
<arg>${CLIENT}</arg>
<arg>${client}</arg>
<doc>Makes a variable available everywhere within the scope of the current suite.</doc>
<status status="NOT RUN" start="2026-02-20T16:05:31.076733" elapsed="0.000041"/>
</kw>
<kw name="Log To Console" owner="BuiltIn">
<arg>Connected to CNWave Controller at ${host}:${port}</arg>
<doc>Logs the given message to the console.</doc>
<status status="NOT RUN" start="2026-02-20T16:05:31.076920" elapsed="0.000025"/>
</kw>
<arg>${HOST}</arg>
<arg>${USERNAME}</arg>
<arg>${PASSWORD}</arg>
<arg>${PORT}</arg>
<status status="FAIL" start="2026-02-20T16:05:31.072528" elapsed="0.004556">Evaluating expression '__import__("cnwave.client").client.CnWaveClient("10.110.186.201", "admin", "admin1234", port=6443, verify_ssl=False)' failed: ModuleNotFoundError: No module named 'cnwave'</status>
</kw>
<test id="s1-t1" name="TC01 - CB1 | TDD 50-50 | MCS 12" line="19">
<status status="FAIL" start="2026-02-20T16:05:31.077200" elapsed="0.000691">Parent suite setup failed:
Evaluating expression '__import__("cnwave.client").client.CnWaveClient("10.110.186.201", "admin", "admin1234", port=6443, verify_ssl=False)' failed: ModuleNotFoundError: No module named 'cnwave'</status>
</test>
<status status="FAIL" start="2026-02-20T16:05:30.538219" elapsed="0.541387">Suite setup failed:
Evaluating expression '__import__("cnwave.client").client.CnWaveClient("10.110.186.201", "admin", "admin1234", port=6443, verify_ssl=False)' failed: ModuleNotFoundError: No module named 'cnwave'</status>
</suite>
<statistics>
<total>
<stat pass="0" fail="1" skip="0">All Tests</stat>
</total>
<tag>
</tag>
<suite>
<stat name="Cnwave Cb1 Matrix" id="s1" pass="0" fail="1" skip="0">Cnwave Cb1 Matrix</stat>
</suite>
</statistics>
<errors>
<msg time="2026-02-20T16:05:31.067658" level="WARN">Error in file 'C:\Users\srt001\OneDrive - Cambium Networks Limited\Desktop\cnWave\cnWave_60Ghz_automation\resources\mikrotik_keywords.robot' on line 21: The '[Return]' setting is deprecated. Use the 'RETURN' statement instead.</msg>
<msg time="2026-02-20T16:05:31.068159" level="WARN">Error in file 'C:\Users\srt001\OneDrive - Cambium Networks Limited\Desktop\cnWave\cnWave_60Ghz_automation\resources\mikrotik_keywords.robot' on line 29: The '[Return]' setting is deprecated. Use the 'RETURN' statement instead.</msg>
</errors>
</robot>
