<?xml version="1.0" encoding="UTF-8"?>
<robot generator="Robot 7.4.1 (Python 3.14.3 on win32)" generated="2026-02-19T08:37:48.429716" rpa="false" schemaversion="5">
<suite id="s1" name="Iperf Throughput" source="C:\Users\srt001\OneDrive - Cambium Networks Limited\Desktop\cnWave\cnWave_60Ghz_automation\performance\iperf_throughput.robot">
<kw name="Full Setup" type="SETUP">
<kw name="Log To Console" owner="BuiltIn">
<arg>===== Starting Full Setup =====</arg>
<doc>Logs the given message to the console.</doc>
<status status="PASS" start="2026-02-19T08:37:48.841385" elapsed="0.000726"/>
</kw>
<kw name="Initialize Selected Models">
<kw name="Log To Console" owner="BuiltIn">
<arg>PTP_SETUP: ${PTP_SETUP}</arg>
<doc>Logs the given message to the console.</doc>
<status status="PASS" start="2026-02-19T08:37:48.842760" elapsed="0.000565"/>
</kw>
<kw name="Log To Console" owner="BuiltIn">
<arg>ptp_setups: ${ptp_setups}</arg>
<doc>Logs the given message to the console.</doc>
<status status="PASS" start="2026-02-19T08:37:48.843490" elapsed="0.000609"/>
</kw>
<if>
<branch type="IF" condition="'${PTP_SETUP}' == ''">
<kw name="Fail" owner="BuiltIn">
<arg>PTP_SETUP not provided. Use: -v PTP_SETUP:V5000POP_V3000CN</arg>
<doc>Fails the test with the given message and optionally alters its tags.</doc>
<status status="NOT RUN" start="2026-02-19T08:37:48.844521" elapsed="0.000025"/>
</kw>
<status status="NOT RUN" start="2026-02-19T08:37:48.844238" elapsed="0.000352"/>
</branch>
<status status="PASS" start="2026-02-19T08:37:48.844200" elapsed="0.000425"/>
</if>
<kw name="Get From Dictionary" owner="Collections">
<msg time="2026-02-19T08:37:48.845036" level="INFO">${setup} = {'pop_side': {'router': 'PoP_Router', 'device': 'V5000POP', 'port': 'ether7'}, 'cn_side': {'router': 'CNDN_Router', 'device': 'V3000CN', 'port': 'ether7'}}</msg>
<var>${setup}</var>
<arg>${ptp_setups}</arg>
<arg>${PTP_SETUP}</arg>
<doc>Returns a value from the given ``dictionary`` based on the given ``key``.</doc>
<status status="PASS" start="2026-02-19T08:37:48.844732" elapsed="0.000348"/>
</kw>
<kw name="Get From Dictionary" owner="Collections">
<msg time="2026-02-19T08:37:48.845400" level="INFO">${pop} = {'router': 'PoP_Router', 'device': 'V5000POP', 'port': 'ether7'}</msg>
<var>${pop}</var>
<arg>${setup}</arg>
<arg>pop_side</arg>
<doc>Returns a value from the given ``dictionary`` based on the given ``key``.</doc>
<status status="PASS" start="2026-02-19T08:37:48.845200" elapsed="0.000231"/>
</kw>
<kw name="Get From Dictionary" owner="Collections">
<msg time="2026-02-19T08:37:48.845712" level="INFO">${cn} = {'router': 'CNDN_Router', 'device': 'V3000CN', 'port': 'ether7'}</msg>
<var>${cn}</var>
<arg>${setup}</arg>
<arg>cn_side</arg>
<doc>Returns a value from the given ``dictionary`` based on the given ``key``.</doc>
<status status="PASS" start="2026-02-19T08:37:48.845545" elapsed="0.000192"/>
</kw>
<kw name="Get From Dictionary" owner="Collections">
<msg time="2026-02-19T08:37:48.846027" level="INFO">${pop_device} = V5000POP</msg>
<var>${pop_device}</var>
<arg>${pop}</arg>
<arg>device</arg>
<doc>Returns a value from the given ``dictionary`` based on the given ``key``.</doc>
<status status="PASS" start="2026-02-19T08:37:48.845864" elapsed="0.000188"/>
</kw>
<kw name="Get From Dictionary" owner="Collections">
<msg time="2026-02-19T08:37:48.846317" level="INFO">${cn_device} = V3000CN</msg>
<var>${cn_device}</var>
<arg>${cn}</arg>
<arg>device</arg>
<doc>Returns a value from the given ``dictionary`` based on the given ``key``.</doc>
<status status="PASS" start="2026-02-19T08:37:48.846165" elapsed="0.000177"/>
</kw>
<kw name="Evaluate" owner="BuiltIn">
<msg time="2026-02-19T08:37:48.846958" level="INFO">${POP_MODEL} = V5000</msg>
<var>${POP_MODEL}</var>
<arg>'${pop_device}'.replace('POP','').replace('CN','')</arg>
<doc>Evaluates the given expression in Python and returns the result.</doc>
<status status="PASS" start="2026-02-19T08:37:48.846451" elapsed="0.000543"/>
</kw>
<kw name="Evaluate" owner="BuiltIn">
<msg time="2026-02-19T08:37:48.847501" level="INFO">${DN_MODEL} = V3000</msg>
<var>${DN_MODEL}</var>
<arg>'${cn_device}'.replace('POP','').replace('CN','')</arg>
<doc>Evaluates the given expression in Python and returns the result.</doc>
<status status="PASS" start="2026-02-19T08:37:48.847129" elapsed="0.000402"/>
</kw>
<kw name="Set Suite Variable" owner="BuiltIn">
<msg time="2026-02-19T08:37:48.848034" level="INFO">${POP_MODEL} = V5000</msg>
<arg>${POP_MODEL}</arg>
<doc>Makes a variable available everywhere within the scope of the current suite.</doc>
<status status="PASS" start="2026-02-19T08:37:48.847665" elapsed="0.000414"/>
</kw>
<kw name="Set Suite Variable" owner="BuiltIn">
<msg time="2026-02-19T08:37:48.848496" level="INFO">${DN_MODEL} = V3000</msg>
<arg>${DN_MODEL}</arg>
<doc>Makes a variable available everywhere within the scope of the current suite.</doc>
<status status="PASS" start="2026-02-19T08:37:48.848202" elapsed="0.000335"/>
</kw>
<kw name="Log To Console" owner="BuiltIn">
<arg>Auto-detected PoP Model: ${POP_MODEL}</arg>
<doc>Logs the given message to the console.</doc>
<status status="PASS" start="2026-02-19T08:37:48.848644" elapsed="0.000527"/>
</kw>
<kw name="Log To Console" owner="BuiltIn">
<arg>Auto-detected DN Model: ${DN_MODEL}</arg>
<doc>Logs the given message to the console.</doc>
<status status="PASS" start="2026-02-19T08:37:48.849328" elapsed="0.000476"/>
</kw>
<status status="PASS" start="2026-02-19T08:37:48.842530" elapsed="0.007372"/>
</kw>
<kw name="Initialize Run Directory">
<kw name="Evaluate" owner="BuiltIn">
<msg time="2026-02-19T08:37:48.850673" level="INFO">${timestamp} = 20260219_083748</msg>
<var>${timestamp}</var>
<arg>__import__('datetime').datetime.now().strftime('%Y%m%d_%H%M%S')</arg>
<doc>Evaluates the given expression in Python and returns the result.</doc>
<status status="PASS" start="2026-02-19T08:37:48.850284" elapsed="0.000420"/>
</kw>
<kw name="Set Variable" owner="BuiltIn">
<msg time="2026-02-19T08:37:48.851070" level="INFO">${base_dir} = results</msg>
<var>${base_dir}</var>
<arg>results</arg>
<doc>Returns the given values which can then be assigned to a variables.</doc>
<status status="PASS" start="2026-02-19T08:37:48.850821" elapsed="0.000275"/>
</kw>
<kw name="Create Directory" owner="OperatingSystem">
<msg time="2026-02-19T08:37:48.851427" level="INFO" html="true">Directory '&lt;a href="file://C:\Users\srt001\OneDrive - Cambium Networks Limited\Desktop\cnWave\cnWave_60Ghz_automation\performance\results"&gt;C:\Users\srt001\OneDrive - Cambium Networks Limited\Desktop\cnWave\cnWave_60Ghz_automation\performance\results&lt;/a&gt;' already exists.</msg>
<arg>${base_dir}</arg>
<doc>Creates the specified directory.</doc>
<status status="PASS" start="2026-02-19T08:37:48.851200" elapsed="0.000308"/>
</kw>
<kw name="Set Variable" owner="BuiltIn">
<msg time="2026-02-19T08:37:48.851937" level="INFO">${model_dir} = results/V5000POP_V3000CN</msg>
<var>${model_dir}</var>
<arg>${base_dir}/${PTP_SETUP}</arg>
<doc>Returns the given values which can then be assigned to a variables.</doc>
<status status="PASS" start="2026-02-19T08:37:48.851624" elapsed="0.000343"/>
</kw>
<kw name="Create Directory" owner="OperatingSystem">
<msg time="2026-02-19T08:37:48.852275" level="INFO" html="true">Directory '&lt;a href="file://C:\Users\srt001\OneDrive - Cambium Networks Limited\Desktop\cnWave\cnWave_60Ghz_automation\performance\results\V5000POP_V3000CN"&gt;C:\Users\srt001\OneDrive - Cambium Networks Limited\Desktop\cnWave\cnWave_60Ghz_automation\performance\results\V5000POP_V3000CN&lt;/a&gt;' already exists.</msg>
<arg>${model_dir}</arg>
<doc>Creates the specified directory.</doc>
<status status="PASS" start="2026-02-19T08:37:48.852071" elapsed="0.000265"/>
</kw>
<kw name="Set Variable" owner="BuiltIn">
<msg time="2026-02-19T08:37:48.852772" level="INFO">${run_dir} = results/V5000POP_V3000CN/20260219_083748</msg>
<var>${run_dir}</var>
<arg>${model_dir}/${timestamp}</arg>
<doc>Returns the given values which can then be assigned to a variables.</doc>
<status status="PASS" start="2026-02-19T08:37:48.852452" elapsed="0.000347"/>
</kw>
<kw name="Create Directory" owner="OperatingSystem">
<msg time="2026-02-19T08:37:48.853669" level="INFO" html="true">Created directory '&lt;a href="file://C:\Users\srt001\OneDrive - Cambium Networks Limited\Desktop\cnWave\cnWave_60Ghz_automation\performance\results\V5000POP_V3000CN\20260219_083748"&gt;C:\Users\srt001\OneDrive - Cambium Networks Limited\Desktop\cnWave\cnWave_60Ghz_automation\performance\results\V5000POP_V3000CN\20260219_083748&lt;/a&gt;'.</msg>
<arg>${run_dir}</arg>
<doc>Creates the specified directory.</doc>
<status status="PASS" start="2026-02-19T08:37:48.852934" elapsed="0.000812"/>
</kw>
<kw name="Set Suite Variable" owner="BuiltIn">
<msg time="2026-02-19T08:37:48.854841" level="INFO">${RESULT_DIR} = results/V5000POP_V3000CN/20260219_083748</msg>
<arg>${RESULT_DIR}</arg>
<arg>${run_dir}</arg>
<doc>Makes a variable available everywhere within the scope of the current suite.</doc>
<status status="PASS" start="2026-02-19T08:37:48.853875" elapsed="0.001016"/>
</kw>
<kw name="Log To Console" owner="BuiltIn">
<arg>Results folder created: ${run_dir}</arg>
<doc>Logs the given message to the console.</doc>
<status status="PASS" start="2026-02-19T08:37:48.855014" elapsed="0.000514"/>
</kw>
<status status="PASS" start="2026-02-19T08:37:48.850097" elapsed="0.005539"/>
</kw>
<kw name="Lock Bridge Ports For PTP">
<kw name="Log To Console" owner="BuiltIn">
<arg>===== Locking Bridge Ports For ${PTP_SETUP} =====</arg>
<doc>Logs the given message to the console.</doc>
<status status="PASS" start="2026-02-19T08:37:48.856117" elapsed="0.000480"/>
</kw>
<kw name="Get From Dictionary" owner="Collections">
<msg time="2026-02-19T08:37:48.856988" level="INFO">${setup} = {'pop_side': {'router': 'PoP_Router', 'device': 'V5000POP', 'port': 'ether7'}, 'cn_side': {'router': 'CNDN_Router', 'device': 'V3000CN', 'port': 'ether7'}}</msg>
<var>${setup}</var>
<arg>${ptp_setups}</arg>
<arg>${PTP_SETUP}</arg>
<doc>Returns a value from the given ``dictionary`` based on the given ``key``.</doc>
<status status="PASS" start="2026-02-19T08:37:48.856752" elapsed="0.000265"/>
</kw>
<kw name="Get From Dictionary" owner="Collections">
<msg time="2026-02-19T08:37:48.857298" level="INFO">${pop_side} = {'router': 'PoP_Router', 'device': 'V5000POP', 'port': 'ether7'}</msg>
<var>${pop_side}</var>
<arg>${setup}</arg>
<arg>pop_side</arg>
<doc>Returns a value from the given ``dictionary`` based on the given ``key``.</doc>
<status status="PASS" start="2026-02-19T08:37:48.857130" elapsed="0.000194"/>
</kw>
<kw name="Get From Dictionary" owner="Collections">
<msg time="2026-02-19T08:37:48.857586" level="INFO">${cn_side} = {'router': 'CNDN_Router', 'device': 'V3000CN', 'port': 'ether7'}</msg>
<var>${cn_side}</var>
<arg>${setup}</arg>
<arg>cn_side</arg>
<doc>Returns a value from the given ``dictionary`` based on the given ``key``.</doc>
<status status="PASS" start="2026-02-19T08:37:48.857426" elapsed="0.000186"/>
</kw>
<kw name="Get From Dictionary" owner="Collections">
<msg time="2026-02-19T08:37:48.857869" level="INFO">${pop_router} = PoP_Router</msg>
<var>${pop_router}</var>
<arg>${pop_side}</arg>
<arg>router</arg>
<doc>Returns a value from the given ``dictionary`` based on the given ``key``.</doc>
<status status="PASS" start="2026-02-19T08:37:48.857716" elapsed="0.000178"/>
</kw>
<kw name="Get From Dictionary" owner="Collections">
<msg time="2026-02-19T08:37:48.858157" level="INFO">${cn_router} = CNDN_Router</msg>
<var>${cn_router}</var>
<arg>${cn_side}</arg>
<arg>router</arg>
<doc>Returns a value from the given ``dictionary`` based on the given ``key``.</doc>
<status status="PASS" start="2026-02-19T08:37:48.857991" elapsed="0.000191"/>
</kw>
<kw name="Get From Dictionary" owner="Collections">
<msg time="2026-02-19T08:37:48.858485" level="INFO">${pop_radio_port} = ether7</msg>
<var>${pop_radio_port}</var>
<arg>${pop_side}</arg>
<arg>port</arg>
<doc>Returns a value from the given ``dictionary`` based on the given ``key``.</doc>
<status status="PASS" start="2026-02-19T08:37:48.858317" elapsed="0.000199"/>
</kw>
<kw name="Get From Dictionary" owner="Collections">
<msg time="2026-02-19T08:37:48.858779" level="INFO">${cn_radio_port} = ether7</msg>
<var>${cn_radio_port}</var>
<arg>${cn_side}</arg>
<arg>port</arg>
<doc>Returns a value from the given ``dictionary`` based on the given ``key``.</doc>
<status status="PASS" start="2026-02-19T08:37:48.858619" elapsed="0.000184"/>
</kw>
<kw name="Get From Dictionary" owner="Collections">
<msg time="2026-02-19T08:37:48.859059" level="INFO">${pop_pc} = {'router': 'PoP_Router', 'port': '(COMBO-2)'}</msg>
<var>${pop_pc}</var>
<arg>${traffic_pc}</arg>
<arg>pop_side</arg>
<doc>Returns a value from the given ``dictionary`` based on the given ``key``.</doc>
<status status="PASS" start="2026-02-19T08:37:48.858901" elapsed="0.000184"/>
</kw>
<kw name="Get From Dictionary" owner="Collections">
<msg time="2026-02-19T08:37:48.859345" level="INFO">${cn_pc} = {'router': 'CNDN_Router', 'port': '(COMBO4)'}</msg>
<var>${cn_pc}</var>
<arg>${traffic_pc}</arg>
<arg>cn_side</arg>
<doc>Returns a value from the given ``dictionary`` based on the given ``key``.</doc>
<status status="PASS" start="2026-02-19T08:37:48.859188" elapsed="0.000182"/>
</kw>
<kw name="Get From Dictionary" owner="Collections">
<msg time="2026-02-19T08:37:48.859616" level="INFO">${pop_pc_port} = (COMBO-2)</msg>
<var>${pop_pc_port}</var>
<arg>${pop_pc}</arg>
<arg>port</arg>
<doc>Returns a value from the given ``dictionary`` based on the given ``key``.</doc>
<status status="PASS" start="2026-02-19T08:37:48.859466" elapsed="0.000175"/>
</kw>
<kw name="Get From Dictionary" owner="Collections">
<msg time="2026-02-19T08:37:48.859895" level="INFO">${cn_pc_port} = (COMBO4)</msg>
<var>${cn_pc_port}</var>
<arg>${cn_pc}</arg>
<arg>port</arg>
<doc>Returns a value from the given ``dictionary`` based on the given ``key``.</doc>
<status status="PASS" start="2026-02-19T08:37:48.859737" elapsed="0.000183"/>
</kw>
<kw name="Log To Console" owner="BuiltIn">
<arg>---- Configuring ${pop_router} ----</arg>
<doc>Logs the given message to the console.</doc>
<status status="PASS" start="2026-02-19T08:37:48.860020" elapsed="0.000489"/>
</kw>
<kw name="Connect To Device" owner="connection_keywords">
<kw name="Dictionary Should Contain Key" owner="Collections">
<arg>${devices}</arg>
<arg>${device_type}</arg>
<doc>Fails if ``key`` is not found from ``dictionary``.</doc>
<status status="PASS" start="2026-02-19T08:37:48.861044" elapsed="0.000197"/>
</kw>
<kw name="Get From Dictionary" owner="Collections">
<msg time="2026-02-19T08:37:48.861567" level="INFO">${device_group} = {'PoP_Router': {'host': '10.110.186.201', 'username': 'admin', 'password': 'cambium123', 'port': 22, 'protocol': 'ssh'}, 'CNDN_Router': {'host': '10.110.186.211', 'username': 'admin', 'password': 'cam...</msg>
<var>${device_group}</var>
<arg>${devices}</arg>
<arg>${device_type}</arg>
<doc>Returns a value from the given ``dictionary`` based on the given ``key``.</doc>
<status status="PASS" start="2026-02-19T08:37:48.861358" elapsed="0.000239"/>
</kw>
<kw name="Dictionary Should Contain Key" owner="Collections">
<arg>${device_group}</arg>
<arg>${device_name}</arg>
<doc>Fails if ``key`` is not found from ``dictionary``.</doc>
<status status="PASS" start="2026-02-19T08:37:48.861705" elapsed="0.000175"/>
</kw>
<kw name="Get From Dictionary" owner="Collections">
<msg time="2026-02-19T08:37:48.862168" level="INFO">${device} = {'host': '10.110.186.201', 'username': 'admin', 'password': 'cambium123', 'port': 22, 'protocol': 'ssh'}</msg>
<var>${device}</var>
<arg>${device_group}</arg>
<arg>${device_name}</arg>
<doc>Returns a value from the given ``dictionary`` based on the given ``key``.</doc>
<status status="PASS" start="2026-02-19T08:37:48.861985" elapsed="0.000227"/>
</kw>
<kw name="Get From Dictionary" owner="Collections">
<msg time="2026-02-19T08:37:48.862470" level="INFO">${host} = 10.110.186.201</msg>
<var>${host}</var>
<arg>${device}</arg>
<arg>host</arg>
<doc>Returns a value from the given ``dictionary`` based on the given ``key``.</doc>
<status status="PASS" start="2026-02-19T08:37:48.862315" elapsed="0.000179"/>
</kw>
<kw name="Get From Dictionary" owner="Collections">
<msg time="2026-02-19T08:37:48.862785" level="INFO">${username} = admin</msg>
<var>${username}</var>
<arg>${device}</arg>
<arg>username</arg>
<doc>Returns a value from the given ``dictionary`` based on the given ``key``.</doc>
<status status="PASS" start="2026-02-19T08:37:48.862626" elapsed="0.000184"/>
</kw>
<kw name="Get From Dictionary" owner="Collections">
<msg time="2026-02-19T08:37:48.863061" level="INFO">${password} = cambium123</msg>
<var>${password}</var>
<arg>${device}</arg>
<arg>password</arg>
<doc>Returns a value from the given ``dictionary`` based on the given ``key``.</doc>
<status status="PASS" start="2026-02-19T08:37:48.862912" elapsed="0.000174"/>
</kw>
<kw name="Get From Dictionary" owner="Collections">
<msg time="2026-02-19T08:37:48.863351" level="INFO">${port} = 22</msg>
<var>${port}</var>
<arg>${device}</arg>
<arg>port</arg>
<doc>Returns a value from the given ``dictionary`` based on the given ``key``.</doc>
<status status="PASS" start="2026-02-19T08:37:48.863186" elapsed="0.000189"/>
</kw>
<kw name="Get From Dictionary" owner="Collections">
<msg time="2026-02-19T08:37:48.863633" level="INFO">${protocol} = ssh</msg>
<var>${protocol}</var>
<arg>${device}</arg>
<arg>protocol</arg>
<doc>Returns a value from the given ``dictionary`` based on the given ``key``.</doc>
<status status="PASS" start="2026-02-19T08:37:48.863475" elapsed="0.000183"/>
</kw>
<kw name="Log" owner="BuiltIn">
<msg time="2026-02-19T08:37:48.864078" level="INFO">Connecting to mikrotik -&gt; PoP_Router (10.110.186.201)</msg>
<arg>Connecting to ${device_type} -&gt; ${device_name} (${host})</arg>
<doc>Logs the given message with the given level.</doc>
<status status="PASS" start="2026-02-19T08:37:48.863760" elapsed="0.000363"/>
</kw>
<kw name="Run Keyword If" owner="BuiltIn">
<kw name="Connect Via SSH" owner="connection_keywords">
<kw name="Open Connection" owner="SSHLibrary">
<arg>${host}</arg>
<arg>port=${port}</arg>
<arg>timeout=30s</arg>
<arg>alias=${alias}</arg>
<doc>Opens a new SSH connection to the given ``host`` and ``port``.</doc>
<status status="PASS" start="2026-02-19T08:37:48.865214" elapsed="0.000467"/>
</kw>
<kw name="Login" owner="SSHLibrary">
<msg time="2026-02-19T08:37:48.866011" level="INFO">Logging into '10.110.186.201:22' as 'admin'.</msg>
<msg time="2026-02-19T08:37:50.403648" level="INFO">Read output: [9999B[9999BZ  [6n</msg>
<arg>${username}</arg>
<arg>${password}</arg>
<doc>Logs into the SSH server with the given ``username`` and ``password``.</doc>
<status status="PASS" start="2026-02-19T08:37:48.865809" elapsed="1.538002"/>
</kw>
<arg>${host}</arg>
<arg>${port}</arg>
<arg>${username}</arg>
<arg>${password}</arg>
<arg>${device_name}</arg>
<status status="PASS" start="2026-02-19T08:37:48.864849" elapsed="1.539073"/>
</kw>
<arg>'${protocol}' == 'ssh'</arg>
<arg>Connect Via SSH</arg>
<arg>${host}</arg>
<arg>${port}</arg>
<arg>${username}</arg>
<arg>${password}</arg>
<arg>${device_name}</arg>
<arg>ELSE IF</arg>
<arg>'${protocol}' == 'telnet'</arg>
<arg>Connect Via Telnet</arg>
<arg>${host}</arg>
<arg>${port}</arg>
<arg>${username}</arg>
<arg>${password}</arg>
<arg>${device_name}</arg>
<arg>ELSE</arg>
<arg>Fail</arg>
<arg>Unsupported protocol: ${protocol}</arg>
<doc>Runs the given keyword with the given arguments, if ``condition`` is true.</doc>
<status status="PASS" start="2026-02-19T08:37:48.864253" elapsed="1.539751"/>
</kw>
<arg>mikrotik</arg>
<arg>${pop_router}</arg>
<status status="PASS" start="2026-02-19T08:37:48.860760" elapsed="1.543385"/>
</kw>
<kw name="Execute Command" owner="SSHLibrary">
<msg time="2026-02-19T08:37:50.404501" level="INFO">Executing command '/interface bridge port disable [find]'.</msg>
<msg time="2026-02-19T08:37:50.583582" level="INFO">Command exited with return code 0.</msg>
<arg>/interface bridge port disable [find]</arg>
<doc>Executes ``command`` on the remote machine and returns its outputs.</doc>
<status status="PASS" start="2026-02-19T08:37:50.404338" elapsed="0.179391"/>
</kw>
<kw name="Execute Command" owner="SSHLibrary">
<msg time="2026-02-19T08:37:50.584216" level="INFO">Executing command '/interface bridge port enable [find where interface="ether7"]'.</msg>
<msg time="2026-02-19T08:37:50.796344" level="INFO">Command exited with return code 0.</msg>
<arg>/interface bridge port enable [find where interface="${pop_radio_port}"]</arg>
<doc>Executes ``command`` on the remote machine and returns its outputs.</doc>
<status status="PASS" start="2026-02-19T08:37:50.583946" elapsed="0.212541"/>
</kw>
<kw name="Execute Command" owner="SSHLibrary">
<msg time="2026-02-19T08:37:50.796951" level="INFO">Executing command '/interface bridge port enable [find where interface="(COMBO-2)"]'.</msg>
<msg time="2026-02-19T08:37:50.864260" level="INFO">Command exited with return code 0.</msg>
<arg>/interface bridge port enable [find where interface="${pop_pc_port}"]</arg>
<doc>Executes ``command`` on the remote machine and returns its outputs.</doc>
<status status="PASS" start="2026-02-19T08:37:50.796704" elapsed="0.067705"/>
</kw>
<kw name="Verify Bridge Port Running">
<kw name="Execute Command" owner="SSHLibrary">
<msg time="2026-02-19T08:37:50.865238" level="INFO">Executing command '/interface bridge port print where interface="ether7"'.</msg>
<msg time="2026-02-19T08:37:50.963532" level="INFO">Command exited with return code 0.</msg>
<msg time="2026-02-19T08:37:50.963737" level="INFO">${output} = Flags: H - HW-OFFLOAD
Columns: INTERFACE, BRIDGE, HW, HORIZON, TRUSTED, FAST-LEAVE, PATH-COST, INTERNAL-PATH-COST, BPDU-GUARD, EDGE, POINT-TO-POINT, PVID, FRAME-TYPES
#   INTERF  BRIDGE   HW   HORI ...</msg>
<var>${output}</var>
<arg>/interface bridge port print where interface="${port}"</arg>
<doc>Executes ``command`` on the remote machine and returns its outputs.</doc>
<status status="PASS" start="2026-02-19T08:37:50.865065" elapsed="0.098707"/>
</kw>
<kw name="Log To Console" owner="BuiltIn">
<arg>${output}</arg>
<doc>Logs the given message to the console.</doc>
<status status="PASS" start="2026-02-19T08:37:50.963985" elapsed="0.000759"/>
</kw>
<kw name="Should Contain" owner="BuiltIn">
<arg>${output}</arg>
<arg>${port}</arg>
<doc>Fails if ``container`` does not contain ``item`` one or more times.</doc>
<status status="PASS" start="2026-02-19T08:37:50.964981" elapsed="0.000785"/>
</kw>
<kw name="Should Not Contain" owner="BuiltIn">
<arg>${output}</arg>
<arg>X</arg>
<doc>Fails if ``container`` contains ``item`` one or more times.</doc>
<status status="PASS" start="2026-02-19T08:37:50.965911" elapsed="0.000322"/>
</kw>
<arg>${pop_radio_port}</arg>
<status status="PASS" start="2026-02-19T08:37:50.864693" elapsed="0.101632"/>
</kw>
<kw name="Verify Bridge Port Running">
<kw name="Execute Command" owner="SSHLibrary">
<msg time="2026-02-19T08:37:50.966924" level="INFO">Executing command '/interface bridge port print where interface="(COMBO-2)"'.</msg>
<msg time="2026-02-19T08:37:51.034189" level="INFO">Command exited with return code 0.</msg>
<msg time="2026-02-19T08:37:51.034402" level="INFO">${output} = Flags: H - HW-OFFLOAD
Columns: INTERFACE, BRIDGE, HW, HORIZON, TRUSTED, FAST-LEAVE, PATH-COST, INTERNAL-PATH-COST, BPDU-GUARD, EDGE, POINT-TO-POINT, PVID, FRAME-TYPES
#   INTERFACE  BRIDGE   HW   HO...</msg>
<var>${output}</var>
<arg>/interface bridge port print where interface="${port}"</arg>
<doc>Executes ``command`` on the remote machine and returns its outputs.</doc>
<status status="PASS" start="2026-02-19T08:37:50.966753" elapsed="0.067686"/>
</kw>
<kw name="Log To Console" owner="BuiltIn">
<arg>${output}</arg>
<doc>Logs the given message to the console.</doc>
<status status="PASS" start="2026-02-19T08:37:51.034643" elapsed="0.000716"/>
</kw>
<kw name="Should Contain" owner="BuiltIn">
<arg>${output}</arg>
<arg>${port}</arg>
<doc>Fails if ``container`` does not contain ``item`` one or more times.</doc>
<status status="PASS" start="2026-02-19T08:37:51.035577" elapsed="0.000420"/>
</kw>
<kw name="Should Not Contain" owner="BuiltIn">
<arg>${output}</arg>
<arg>X</arg>
<doc>Fails if ``container`` contains ``item`` one or more times.</doc>
<status status="PASS" start="2026-02-19T08:37:51.036173" elapsed="0.000317"/>
</kw>
<arg>${pop_pc_port}</arg>
<status status="PASS" start="2026-02-19T08:37:50.966494" elapsed="0.070075"/>
</kw>
<kw name="Disconnect Device" owner="connection_keywords">
<kw name="Switch Connection" owner="SSHLibrary">
<arg>${device_name}</arg>
<doc>Switches the active connection by index or alias.</doc>
<status status="PASS" start="2026-02-19T08:37:51.036981" elapsed="0.000168"/>
</kw>
<kw name="Close Connection" owner="SSHLibrary">
<doc>Closes the current connection.</doc>
<status status="PASS" start="2026-02-19T08:37:51.037249" elapsed="0.000476"/>
</kw>
<arg>${pop_router}</arg>
<status status="PASS" start="2026-02-19T08:37:51.036732" elapsed="0.001069"/>
</kw>
<kw name="Log To Console" owner="BuiltIn">
<arg>---- Configuring ${cn_router} ----</arg>
<doc>Logs the given message to the console.</doc>
<status status="PASS" start="2026-02-19T08:37:51.037925" elapsed="0.000667"/>
</kw>
<kw name="Connect To Device" owner="connection_keywords">
<kw name="Dictionary Should Contain Key" owner="Collections">
<arg>${devices}</arg>
<arg>${device_type}</arg>
<doc>Fails if ``key`` is not found from ``dictionary``.</doc>
<status status="PASS" start="2026-02-19T08:37:51.039204" elapsed="0.000197"/>
</kw>
<kw name="Get From Dictionary" owner="Collections">
<msg time="2026-02-19T08:37:51.039729" level="INFO">${device_group} = {'PoP_Router': {'host': '10.110.186.201', 'username': 'admin', 'password': 'cambium123', 'port': 22, 'protocol': 'ssh'}, 'CNDN_Router': {'host': '10.110.186.211', 'username': 'admin', 'password': 'cam...</msg>
<var>${device_group}</var>
<arg>${devices}</arg>
<arg>${device_type}</arg>
<doc>Returns a value from the given ``dictionary`` based on the given ``key``.</doc>
<status status="PASS" start="2026-02-19T08:37:51.039520" elapsed="0.000239"/>
</kw>
<kw name="Dictionary Should Contain Key" owner="Collections">
<arg>${device_group}</arg>
<arg>${device_name}</arg>
<doc>Fails if ``key`` is not found from ``dictionary``.</doc>
<status status="PASS" start="2026-02-19T08:37:51.039864" elapsed="0.000159"/>
</kw>
<kw name="Get From Dictionary" owner="Collections">
<msg time="2026-02-19T08:37:51.040327" level="INFO">${device} = {'host': '10.110.186.211', 'username': 'admin', 'password': 'cambium123', 'port': 22, 'protocol': 'ssh'}</msg>
<var>${device}</var>
<arg>${device_group}</arg>
<arg>${device_name}</arg>
<doc>Returns a value from the given ``dictionary`` based on the given ``key``.</doc>
<status status="PASS" start="2026-02-19T08:37:51.040124" elapsed="0.000230"/>
</kw>
<kw name="Get From Dictionary" owner="Collections">
<msg time="2026-02-19T08:37:51.040611" level="INFO">${host} = 10.110.186.211</msg>
<var>${host}</var>
<arg>${device}</arg>
<arg>host</arg>
<doc>Returns a value from the given ``dictionary`` based on the given ``key``.</doc>
<status status="PASS" start="2026-02-19T08:37:51.040458" elapsed="0.000178"/>
</kw>
<kw name="Get From Dictionary" owner="Collections">
<msg time="2026-02-19T08:37:51.040899" level="INFO">${username} = admin</msg>
<var>${username}</var>
<arg>${device}</arg>
<arg>username</arg>
<doc>Returns a value from the given ``dictionary`` based on the given ``key``.</doc>
<status status="PASS" start="2026-02-19T08:37:51.040741" elapsed="0.000182"/>
</kw>
<kw name="Get From Dictionary" owner="Collections">
<msg time="2026-02-19T08:37:51.041171" level="INFO">${password} = cambium123</msg>
<var>${password}</var>
<arg>${device}</arg>
<arg>password</arg>
<doc>Returns a value from the given ``dictionary`` based on the given ``key``.</doc>
<status status="PASS" start="2026-02-19T08:37:51.041021" elapsed="0.000178"/>
</kw>
<kw name="Get From Dictionary" owner="Collections">
<msg time="2026-02-19T08:37:51.041468" level="INFO">${port} = 22</msg>
<var>${port}</var>
<arg>${device}</arg>
<arg>port</arg>
<doc>Returns a value from the given ``dictionary`` based on the given ``key``.</doc>
<status status="PASS" start="2026-02-19T08:37:51.041299" elapsed="0.000227"/>
</kw>
<kw name="Get From Dictionary" owner="Collections">
<msg time="2026-02-19T08:37:51.041898" level="INFO">${protocol} = ssh</msg>
<var>${protocol}</var>
<arg>${device}</arg>
<arg>protocol</arg>
<doc>Returns a value from the given ``dictionary`` based on the given ``key``.</doc>
<status status="PASS" start="2026-02-19T08:37:51.041693" elapsed="0.000232"/>
</kw>
<kw name="Log" owner="BuiltIn">
<msg time="2026-02-19T08:37:51.042406" level="INFO">Connecting to mikrotik -&gt; CNDN_Router (10.110.186.211)</msg>
<arg>Connecting to ${device_type} -&gt; ${device_name} (${host})</arg>
<doc>Logs the given message with the given level.</doc>
<status status="PASS" start="2026-02-19T08:37:51.042036" elapsed="0.000428"/>
</kw>
<kw name="Run Keyword If" owner="BuiltIn">
<kw name="Connect Via SSH" owner="connection_keywords">
<kw name="Open Connection" owner="SSHLibrary">
<arg>${host}</arg>
<arg>port=${port}</arg>
<arg>timeout=30s</arg>
<arg>alias=${alias}</arg>
<doc>Opens a new SSH connection to the given ``host`` and ``port``.</doc>
<status status="PASS" start="2026-02-19T08:37:51.043752" elapsed="0.000487"/>
</kw>
<kw name="Login" owner="SSHLibrary">
<msg time="2026-02-19T08:37:51.044595" level="INFO">Logging into '10.110.186.211:22' as 'admin'.</msg>
<msg time="2026-02-19T08:37:52.587845" level="INFO">Read output: [9999B[9999BZ  [6n</msg>
<arg>${username}</arg>
<arg>${password}</arg>
<doc>Logs into the SSH server with the given ``username`` and ``password``.</doc>
<status status="PASS" start="2026-02-19T08:37:51.044396" elapsed="1.543613"/>
</kw>
<arg>${host}</arg>
<arg>${port}</arg>
<arg>${username}</arg>
<arg>${password}</arg>
<arg>${device_name}</arg>
<status status="PASS" start="2026-02-19T08:37:51.043380" elapsed="1.544746"/>
</kw>
<arg>'${protocol}' == 'ssh'</arg>
<arg>Connect Via SSH</arg>
<arg>${host}</arg>
<arg>${port}</arg>
<arg>${username}</arg>
<arg>${password}</arg>
<arg>${device_name}</arg>
<arg>ELSE IF</arg>
<arg>'${protocol}' == 'telnet'</arg>
<arg>Connect Via Telnet</arg>
<arg>${host}</arg>
<arg>${port}</arg>
<arg>${username}</arg>
<arg>${password}</arg>
<arg>${device_name}</arg>
<arg>ELSE</arg>
<arg>Fail</arg>
<arg>Unsupported protocol: ${protocol}</arg>
<doc>Runs the given keyword with the given arguments, if ``condition`` is true.</doc>
<status status="PASS" start="2026-02-19T08:37:51.042614" elapsed="1.545589"/>
</kw>
<arg>mikrotik</arg>
<arg>${cn_router}</arg>
<status status="PASS" start="2026-02-19T08:37:51.038912" elapsed="1.549409"/>
</kw>
<kw name="Execute Command" owner="SSHLibrary">
<msg time="2026-02-19T08:37:52.588658" level="INFO">Executing command '/interface bridge port disable [find]'.</msg>
<msg time="2026-02-19T08:37:52.747593" level="INFO">Command exited with return code 0.</msg>
<arg>/interface bridge port disable [find]</arg>
<doc>Executes ``command`` on the remote machine and returns its outputs.</doc>
<status status="PASS" start="2026-02-19T08:37:52.588501" elapsed="0.159235"/>
</kw>
<kw name="Execute Command" owner="SSHLibrary">
<msg time="2026-02-19T08:37:52.748226" level="INFO">Executing command '/interface bridge port enable [find where interface="ether7"]'.</msg>
<msg time="2026-02-19T08:37:53.083219" level="INFO">Command exited with return code 0.</msg>
<arg>/interface bridge port enable [find where interface="${cn_radio_port}"]</arg>
<doc>Executes ``command`` on the remote machine and returns its outputs.</doc>
<status status="PASS" start="2026-02-19T08:37:52.747946" elapsed="0.335422"/>
</kw>
<kw name="Execute Command" owner="SSHLibrary">
<msg time="2026-02-19T08:37:53.083834" level="INFO">Executing command '/interface bridge port enable [find where interface="(COMBO4)"]'.</msg>
<msg time="2026-02-19T08:37:53.213786" level="INFO">Command exited with return code 0.</msg>
<arg>/interface bridge port enable [find where interface="${cn_pc_port}"]</arg>
<doc>Executes ``command`` on the remote machine and returns its outputs.</doc>
<status status="PASS" start="2026-02-19T08:37:53.083586" elapsed="0.130336"/>
</kw>
<kw name="Verify Bridge Port Running">
<kw name="Execute Command" owner="SSHLibrary">
<msg time="2026-02-19T08:37:53.214730" level="INFO">Executing command '/interface bridge port print where interface="ether7"'.</msg>
<msg time="2026-02-19T08:37:53.335232" level="INFO">Command exited with return code 0.</msg>
<msg time="2026-02-19T08:37:53.335443" level="INFO">${output} = Flags: H - HW-OFFLOAD
Columns: INTERFACE, BRIDGE, HW, HORIZON, TRUSTED, FAST-LEAVE, PATH-COST, INTERNAL-PATH-COST, BPDU-GUARD, EDGE, POINT-TO-POINT, PVID, FRAME-TYPES
#   INTERF  BRIDGE   HW   HORI ...</msg>
<var>${output}</var>
<arg>/interface bridge port print where interface="${port}"</arg>
<doc>Executes ``command`` on the remote machine and returns its outputs.</doc>
<status status="PASS" start="2026-02-19T08:37:53.214548" elapsed="0.120929"/>
</kw>
<kw name="Log To Console" owner="BuiltIn">
<arg>${output}</arg>
<doc>Logs the given message to the console.</doc>
<status status="PASS" start="2026-02-19T08:37:53.335704" elapsed="0.000769"/>
</kw>
<kw name="Should Contain" owner="BuiltIn">
<arg>${output}</arg>
<arg>${port}</arg>
<doc>Fails if ``container`` does not contain ``item`` one or more times.</doc>
<status status="PASS" start="2026-02-19T08:37:53.336644" elapsed="0.000442"/>
</kw>
<kw name="Should Not Contain" owner="BuiltIn">
<arg>${output}</arg>
<arg>X</arg>
<doc>Fails if ``container`` contains ``item`` one or more times.</doc>
<status status="PASS" start="2026-02-19T08:37:53.337219" elapsed="0.000295"/>
</kw>
<arg>${cn_radio_port}</arg>
<status status="PASS" start="2026-02-19T08:37:53.214191" elapsed="0.123397"/>
</kw>
<kw name="Verify Bridge Port Running">
<kw name="Execute Command" owner="SSHLibrary">
<msg time="2026-02-19T08:37:53.338164" level="INFO">Executing command '/interface bridge port print where interface="(COMBO4)"'.</msg>
<msg time="2026-02-19T08:37:53.389205" level="INFO">Command exited with return code 0.</msg>
<msg time="2026-02-19T08:37:53.389426" level="INFO">${output} = Flags: H - HW-OFFLOAD
Columns: INTERFACE, BRIDGE, HW, HORIZON, TRUSTED, FAST-LEAVE, PATH-COST, INTERNAL-PATH-COST, BPDU-GUARD, EDGE, POINT-TO-POINT, PVID, FRAME-TYPES
#   INTERFACE  BRIDGE   HW   HO...</msg>
<var>${output}</var>
<arg>/interface bridge port print where interface="${port}"</arg>
<doc>Executes ``command`` on the remote machine and returns its outputs.</doc>
<status status="PASS" start="2026-02-19T08:37:53.338010" elapsed="0.051451"/>
</kw>
<kw name="Log To Console" owner="BuiltIn">
<arg>${output}</arg>
<doc>Logs the given message to the console.</doc>
<status status="PASS" start="2026-02-19T08:37:53.389664" elapsed="0.000771"/>
</kw>
<kw name="Should Contain" owner="BuiltIn">
<arg>${output}</arg>
<arg>${port}</arg>
<doc>Fails if ``container`` does not contain ``item`` one or more times.</doc>
<status status="PASS" start="2026-02-19T08:37:53.390653" elapsed="0.000528"/>
</kw>
<kw name="Should Not Contain" owner="BuiltIn">
<arg>${output}</arg>
<arg>X</arg>
<doc>Fails if ``container`` contains ``item`` one or more times.</doc>
<status status="PASS" start="2026-02-19T08:37:53.391324" elapsed="0.000305"/>
</kw>
<arg>${cn_pc_port}</arg>
<status status="PASS" start="2026-02-19T08:37:53.337758" elapsed="0.053951"/>
</kw>
<kw name="Disconnect Device" owner="connection_keywords">
<kw name="Switch Connection" owner="SSHLibrary">
<arg>${device_name}</arg>
<doc>Switches the active connection by index or alias.</doc>
<status status="PASS" start="2026-02-19T08:37:53.392155" elapsed="0.000146"/>
</kw>
<kw name="Close Connection" owner="SSHLibrary">
<doc>Closes the current connection.</doc>
<status status="PASS" start="2026-02-19T08:37:53.392403" elapsed="0.000822"/>
</kw>
<arg>${cn_router}</arg>
<status status="PASS" start="2026-02-19T08:37:53.391879" elapsed="0.001448"/>
</kw>
<status status="PASS" start="2026-02-19T08:37:48.855927" elapsed="4.537459"/>
</kw>
<status status="PASS" start="2026-02-19T08:37:48.840535" elapsed="4.552898"/>
</kw>
<test id="s1-t1" name="TCP Downlink (POP→DN) - 4 Streams" line="23">
<kw name="Run Iperf TCP">
<kw name="Start Iperf Server">
<kw name="Log To Console" owner="BuiltIn">
<arg>Starting iperf server on ${side}</arg>
<doc>Logs the given message to the console.</doc>
<status status="PASS" start="2026-02-19T08:37:53.395173" elapsed="0.000549"/>
</kw>
<kw name="Connect To Device" owner="connection_keywords">
<kw name="Dictionary Should Contain Key" owner="Collections">
<arg>${devices}</arg>
<arg>${device_type}</arg>
<doc>Fails if ``key`` is not found from ``dictionary``.</doc>
<status status="PASS" start="2026-02-19T08:37:53.400844" elapsed="0.000217"/>
</kw>
<kw name="Get From Dictionary" owner="Collections">
<msg time="2026-02-19T08:37:53.401441" level="INFO">${device_group} = {'pop': {'host': '10.110.186.7', 'test_host': '169.254.1.222', 'username': 'cnwave', 'password': 'cnwave', 'port': 22, 'protocol': 'ssh'}, 'dn': {'host': '10.110.186.51', 'test_host': '169.254.1.15', ...</msg>
<var>${device_group}</var>
<arg>${devices}</arg>
<arg>${device_type}</arg>
<doc>Returns a value from the given ``dictionary`` based on the given ``key``.</doc>
<status status="PASS" start="2026-02-19T08:37:53.401196" elapsed="0.000278"/>
</kw>
<kw name="Dictionary Should Contain Key" owner="Collections">
<arg>${device_group}</arg>
<arg>${device_name}</arg>
<doc>Fails if ``key`` is not found from ``dictionary``.</doc>
<status status="PASS" start="2026-02-19T08:37:53.401586" elapsed="0.000175"/>
</kw>
<kw name="Get From Dictionary" owner="Collections">
<msg time="2026-02-19T08:37:53.402057" level="INFO">${device} = {'host': '10.110.186.51', 'test_host': '169.254.1.15', 'username': 'cnwave', 'password': 'cnwave', 'port': 22, 'protocol': 'ssh'}</msg>
<var>${device}</var>
<arg>${device_group}</arg>
<arg>${device_name}</arg>
<doc>Returns a value from the given ``dictionary`` based on the given ``key``.</doc>
<status status="PASS" start="2026-02-19T08:37:53.401870" elapsed="0.000214"/>
</kw>
<kw name="Get From Dictionary" owner="Collections">
<msg time="2026-02-19T08:37:53.402335" level="INFO">${host} = 10.110.186.51</msg>
<var>${host}</var>
<arg>${device}</arg>
<arg>host</arg>
<doc>Returns a value from the given ``dictionary`` based on the given ``key``.</doc>
<status status="PASS" start="2026-02-19T08:37:53.402184" elapsed="0.000177"/>
</kw>
<kw name="Get From Dictionary" owner="Collections">
<msg time="2026-02-19T08:37:53.402613" level="INFO">${username} = cnwave</msg>
<var>${username}</var>
<arg>${device}</arg>
<arg>username</arg>
<doc>Returns a value from the given ``dictionary`` based on the given ``key``.</doc>
<status status="PASS" start="2026-02-19T08:37:53.402462" elapsed="0.000175"/>
</kw>
<kw name="Get From Dictionary" owner="Collections">
<msg time="2026-02-19T08:37:53.402880" level="INFO">${password} = cnwave</msg>
<var>${password}</var>
<arg>${device}</arg>
<arg>password</arg>
<doc>Returns a value from the given ``dictionary`` based on the given ``key``.</doc>
<status status="PASS" start="2026-02-19T08:37:53.402735" elapsed="0.000168"/>
</kw>
<kw name="Get From Dictionary" owner="Collections">
<msg time="2026-02-19T08:37:53.403149" level="INFO">${port} = 22</msg>
<var>${port}</var>
<arg>${device}</arg>
<arg>port</arg>
<doc>Returns a value from the given ``dictionary`` based on the given ``key``.</doc>
<status status="PASS" start="2026-02-19T08:37:53.402998" elapsed="0.000179"/>
</kw>
<kw name="Get From Dictionary" owner="Collections">
<msg time="2026-02-19T08:37:53.403420" level="INFO">${protocol} = ssh</msg>
<var>${protocol}</var>
<arg>${device}</arg>
<arg>protocol</arg>
<doc>Returns a value from the given ``dictionary`` based on the given ``key``.</doc>
<status status="PASS" start="2026-02-19T08:37:53.403273" elapsed="0.000186"/>
</kw>
<kw name="Log" owner="BuiltIn">
<msg time="2026-02-19T08:37:53.403968" level="INFO">Connecting to ubuntu -&gt; dn (10.110.186.51)</msg>
<arg>Connecting to ${device_type} -&gt; ${device_name} (${host})</arg>
<doc>Logs the given message with the given level.</doc>
<status status="PASS" start="2026-02-19T08:37:53.403599" elapsed="0.000420"/>
</kw>
<kw name="Run Keyword If" owner="BuiltIn">
<kw name="Connect Via SSH" owner="connection_keywords">
<kw name="Open Connection" owner="SSHLibrary">
<arg>${host}</arg>
<arg>port=${port}</arg>
<arg>timeout=30s</arg>
<arg>alias=${alias}</arg>
<doc>Opens a new SSH connection to the given ``host`` and ``port``.</doc>
<status status="PASS" start="2026-02-19T08:37:53.405190" elapsed="0.000424"/>
</kw>
<kw name="Login" owner="SSHLibrary">
<msg time="2026-02-19T08:37:53.405946" level="INFO">Logging into '10.110.186.51:22' as 'cnwave'.</msg>
<msg time="2026-02-19T08:37:54.723249" level="INFO">Read output: Welcome to Ubuntu 18.04 LTS (bison-elk-cougar-mlk X54) (GNU/Linux 5.4.0-132-generic x86_64)

 * Documentation:  https://help.ubuntu.com
 * Management:     https://landscape.canonical.com
 * Support:        https://ubuntu.com/advantage

 * Canonical Livepatch is available for installation.
   - Reduce system reboots and improve kernel security. Activate at:
     https://ubuntu.com/livepatch

306 packages can be updated.
205 updates are security updates.

Last login: Thu Feb 19 07:52:51 2026 from 172.26.110.237
cnwave@cnwave-dn-connected:~$</msg>
<arg>${username}</arg>
<arg>${password}</arg>
<doc>Logs into the SSH server with the given ``username`` and ``password``.</doc>
<status status="PASS" start="2026-02-19T08:37:53.405743" elapsed="1.317693"/>
</kw>
<arg>${host}</arg>
<arg>${port}</arg>
<arg>${username}</arg>
<arg>${password}</arg>
<arg>${device_name}</arg>
<status status="PASS" start="2026-02-19T08:37:53.404772" elapsed="1.318806"/>
</kw>
<arg>'${protocol}' == 'ssh'</arg>
<arg>Connect Via SSH</arg>
<arg>${host}</arg>
<arg>${port}</arg>
<arg>${username}</arg>
<arg>${password}</arg>
<arg>${device_name}</arg>
<arg>ELSE IF</arg>
<arg>'${protocol}' == 'telnet'</arg>
<arg>Connect Via Telnet</arg>
<arg>${host}</arg>
<arg>${port}</arg>
<arg>${username}</arg>
<arg>${password}</arg>
<arg>${device_name}</arg>
<arg>ELSE</arg>
<arg>Fail</arg>
<arg>Unsupported protocol: ${protocol}</arg>
<doc>Runs the given keyword with the given arguments, if ``condition`` is true.</doc>
<status status="PASS" start="2026-02-19T08:37:53.404151" elapsed="1.319505"/>
</kw>
<arg>ubuntu</arg>
<arg>${side}</arg>
<status status="PASS" start="2026-02-19T08:37:53.400458" elapsed="1.323314"/>
</kw>
<kw name="Execute Command" owner="SSHLibrary">
<msg time="2026-02-19T08:37:54.724119" level="INFO">Executing command 'pkill iperf3'.</msg>
<msg time="2026-02-19T08:37:54.755080" level="INFO">Command exited with return code 1.</msg>
<arg>pkill iperf3</arg>
<doc>Executes ``command`` on the remote machine and returns its outputs.</doc>
<status status="PASS" start="2026-02-19T08:37:54.723961" elapsed="0.031269"/>
</kw>
<kw name="Execute Command" owner="SSHLibrary">
<msg time="2026-02-19T08:37:54.755613" level="INFO">Executing command 'iperf3 -s -D'.</msg>
<msg time="2026-02-19T08:37:54.830280" level="INFO">Command exited with return code 0.</msg>
<arg>iperf3 -s -D</arg>
<doc>Executes ``command`` on the remote machine and returns its outputs.</doc>
<status status="PASS" start="2026-02-19T08:37:54.755449" elapsed="0.074981"/>
</kw>
<kw name="Disconnect Device" owner="connection_keywords">
<kw name="Switch Connection" owner="SSHLibrary">
<arg>${device_name}</arg>
<doc>Switches the active connection by index or alias.</doc>
<status status="PASS" start="2026-02-19T08:37:54.831104" elapsed="0.000152"/>
</kw>
<kw name="Close Connection" owner="SSHLibrary">
<doc>Closes the current connection.</doc>
<status status="PASS" start="2026-02-19T08:37:54.831365" elapsed="0.000484"/>
</kw>
<arg>${side}</arg>
<status status="PASS" start="2026-02-19T08:37:54.830705" elapsed="0.001250"/>
</kw>
<kw name="Sleep" owner="BuiltIn">
<msg time="2026-02-19T08:37:56.832972" level="INFO">Slept 2 seconds.</msg>
<arg>2s</arg>
<doc>Pauses the test executed for the given time.</doc>
<status status="PASS" start="2026-02-19T08:37:54.832083" elapsed="2.001035"/>
</kw>
<arg>${dst}</arg>
<status status="PASS" start="2026-02-19T08:37:53.394896" elapsed="3.438321"/>
</kw>
<kw name="Get Device IP">
<kw name="Get From Dictionary" owner="Collections">
<msg time="2026-02-19T08:37:56.834125" level="INFO">${ubuntu} = {'pop': {'host': '10.110.186.7', 'test_host': '169.254.1.222', 'username': 'cnwave', 'password': 'cnwave', 'port': 22, 'protocol': 'ssh'}, 'dn': {'host': '10.110.186.51', 'test_host': '169.254.1.15', ...</msg>
<var>${ubuntu}</var>
<arg>${devices}</arg>
<arg>ubuntu</arg>
<doc>Returns a value from the given ``dictionary`` based on the given ``key``.</doc>
<status status="PASS" start="2026-02-19T08:37:56.833847" elapsed="0.000312"/>
</kw>
<kw name="Get From Dictionary" owner="Collections">
<msg time="2026-02-19T08:37:56.834474" level="INFO">${node} = {'host': '10.110.186.51', 'test_host': '169.254.1.15', 'username': 'cnwave', 'password': 'cnwave', 'port': 22, 'protocol': 'ssh'}</msg>
<var>${node}</var>
<arg>${ubuntu}</arg>
<arg>${side}</arg>
<doc>Returns a value from the given ``dictionary`` based on the given ``key``.</doc>
<status status="PASS" start="2026-02-19T08:37:56.834280" elapsed="0.000221"/>
</kw>
<kw name="Get From Dictionary" owner="Collections">
<msg time="2026-02-19T08:37:56.834778" level="INFO">${ip} = 169.254.1.15</msg>
<var>${ip}</var>
<arg>${node}</arg>
<arg>test_host</arg>
<doc>Returns a value from the given ``dictionary`` based on the given ``key``.</doc>
<status status="PASS" start="2026-02-19T08:37:56.834605" elapsed="0.000198"/>
</kw>
<return>
<value>${ip}</value>
<status status="PASS" start="2026-02-19T08:37:56.834863" elapsed="0.000068"/>
</return>
<msg time="2026-02-19T08:37:56.835064" level="INFO">${server_ip} = 169.254.1.15</msg>
<var>${server_ip}</var>
<arg>${dst}</arg>
<status status="PASS" start="2026-02-19T08:37:56.833473" elapsed="0.001618"/>
</kw>
<kw name="Set Variable" owner="BuiltIn">
<msg time="2026-02-19T08:37:56.835565" level="INFO">${cmd} = iperf3 -c 169.254.1.15 -i1 -t 60 -P 4 -J</msg>
<var>${cmd}</var>
<arg>iperf3 -c ${server_ip} -i1 -t 60 -P ${streams} -J</arg>
<doc>Returns the given values which can then be assigned to a variables.</doc>
<status status="PASS" start="2026-02-19T08:37:56.835203" elapsed="0.000390"/>
</kw>
<kw name="Execute Iperf Client">
<kw name="Log To Console" owner="BuiltIn">
<arg>Executing on ${side}: ${command}</arg>
<doc>Logs the given message to the console.</doc>
<status status="PASS" start="2026-02-19T08:37:56.836098" elapsed="0.000626"/>
</kw>
<kw name="Connect To Device" owner="connection_keywords">
<kw name="Dictionary Should Contain Key" owner="Collections">
<arg>${devices}</arg>
<arg>${device_type}</arg>
<doc>Fails if ``key`` is not found from ``dictionary``.</doc>
<status status="PASS" start="2026-02-19T08:37:56.837440" elapsed="0.000201"/>
</kw>
<kw name="Get From Dictionary" owner="Collections">
<msg time="2026-02-19T08:37:56.837970" level="INFO">${device_group} = {'pop': {'host': '10.110.186.7', 'test_host': '169.254.1.222', 'username': 'cnwave', 'password': 'cnwave', 'port': 22, 'protocol': 'ssh'}, 'dn': {'host': '10.110.186.51', 'test_host': '169.254.1.15', ...</msg>
<var>${device_group}</var>
<arg>${devices}</arg>
<arg>${device_type}</arg>
<doc>Returns a value from the given ``dictionary`` based on the given ``key``.</doc>
<status status="PASS" start="2026-02-19T08:37:56.837762" elapsed="0.000249"/>
</kw>
<kw name="Dictionary Should Contain Key" owner="Collections">
<arg>${device_group}</arg>
<arg>${device_name}</arg>
<doc>Fails if ``key`` is not found from ``dictionary``.</doc>
<status status="PASS" start="2026-02-19T08:37:56.838134" elapsed="0.000166"/>
</kw>
<kw name="Get From Dictionary" owner="Collections">
<msg time="2026-02-19T08:37:56.838605" level="INFO">${device} = {'host': '10.110.186.7', 'test_host': '169.254.1.222', 'username': 'cnwave', 'password': 'cnwave', 'port': 22, 'protocol': 'ssh'}</msg>
<var>${device}</var>
<arg>${device_group}</arg>
<arg>${device_name}</arg>
<doc>Returns a value from the given ``dictionary`` based on the given ``key``.</doc>
<status status="PASS" start="2026-02-19T08:37:56.838417" elapsed="0.000252"/>
</kw>
<kw name="Get From Dictionary" owner="Collections">
<msg time="2026-02-19T08:37:56.838937" level="INFO">${host} = 10.110.186.7</msg>
<var>${host}</var>
<arg>${device}</arg>
<arg>host</arg>
<doc>Returns a value from the given ``dictionary`` based on the given ``key``.</doc>
<status status="PASS" start="2026-02-19T08:37:56.838781" elapsed="0.000180"/>
</kw>
<kw name="Get From Dictionary" owner="Collections">
<msg time="2026-02-19T08:37:56.839227" level="INFO">${username} = cnwave</msg>
<var>${username}</var>
<arg>${device}</arg>
<arg>username</arg>
<doc>Returns a value from the given ``dictionary`` based on the given ``key``.</doc>
<status status="PASS" start="2026-02-19T08:37:56.839069" elapsed="0.000183"/>
</kw>
<kw name="Get From Dictionary" owner="Collections">
<msg time="2026-02-19T08:37:56.839515" level="INFO">${password} = cnwave</msg>
<var>${password}</var>
<arg>${device}</arg>
<arg>password</arg>
<doc>Returns a value from the given ``dictionary`` based on the given ``key``.</doc>
<status status="PASS" start="2026-02-19T08:37:56.839356" elapsed="0.000183"/>
</kw>
<kw name="Get From Dictionary" owner="Collections">
<msg time="2026-02-19T08:37:56.839846" level="INFO">${port} = 22</msg>
<var>${port}</var>
<arg>${device}</arg>
<arg>port</arg>
<doc>Returns a value from the given ``dictionary`` based on the given ``key``.</doc>
<status status="PASS" start="2026-02-19T08:37:56.839659" elapsed="0.000215"/>
</kw>
<kw name="Get From Dictionary" owner="Collections">
<msg time="2026-02-19T08:37:56.840162" level="INFO">${protocol} = ssh</msg>
<var>${protocol}</var>
<arg>${device}</arg>
<arg>protocol</arg>
<doc>Returns a value from the given ``dictionary`` based on the given ``key``.</doc>
<status status="PASS" start="2026-02-19T08:37:56.839987" elapsed="0.000201"/>
</kw>
<kw name="Log" owner="BuiltIn">
<msg time="2026-02-19T08:37:56.840656" level="INFO">Connecting to ubuntu -&gt; pop (10.110.186.7)</msg>
<arg>Connecting to ${device_type} -&gt; ${device_name} (${host})</arg>
<doc>Logs the given message with the given level.</doc>
<status status="PASS" start="2026-02-19T08:37:56.840296" elapsed="0.000407"/>
</kw>
<kw name="Run Keyword If" owner="BuiltIn">
<kw name="Connect Via SSH" owner="connection_keywords">
<kw name="Open Connection" owner="SSHLibrary">
<arg>${host}</arg>
<arg>port=${port}</arg>
<arg>timeout=30s</arg>
<arg>alias=${alias}</arg>
<doc>Opens a new SSH connection to the given ``host`` and ``port``.</doc>
<status status="PASS" start="2026-02-19T08:37:56.841828" elapsed="0.000426"/>
</kw>
<kw name="Login" owner="SSHLibrary">
<msg time="2026-02-19T08:37:56.842604" level="INFO">Logging into '10.110.186.7:22' as 'cnwave'.</msg>
<msg time="2026-02-19T08:37:58.247784" level="INFO">Read output: Welcome to Ubuntu 20.04.2 LTS (GNU/Linux 5.15.0-139-generic x86_64)

 * Documentation:  https://help.ubuntu.com
 * Management:     https://landscape.canonical.com
 * Support:        https://ubuntu.com/advantage

1 device has a firmware upgrade available.
Run `fwupdmgr get-upgrades` for more information.


200 updates can be installed immediately.
1 of these updates is a security update.
To see these additional updates run: apt list --upgradable

New release '22.04.5 LTS' available.
Run 'do-release-upgrade' to upgrade to it.

Your Hardware Enablement Stack (HWE) is supported until April 2025.
Last login: Thu Feb 19 07:51:49 2026 from 172.26.110.237
cnwave@cnwave:~$</msg>
<arg>${username}</arg>
<arg>${password}</arg>
<doc>Logs into the SSH server with the given ``username`` and ``password``.</doc>
<status status="PASS" start="2026-02-19T08:37:56.842413" elapsed="1.405576"/>
</kw>
<arg>${host}</arg>
<arg>${port}</arg>
<arg>${username}</arg>
<arg>${password}</arg>
<arg>${device_name}</arg>
<status status="PASS" start="2026-02-19T08:37:56.841418" elapsed="1.406682"/>
</kw>
<arg>'${protocol}' == 'ssh'</arg>
<arg>Connect Via SSH</arg>
<arg>${host}</arg>
<arg>${port}</arg>
<arg>${username}</arg>
<arg>${password}</arg>
<arg>${device_name}</arg>
<arg>ELSE IF</arg>
<arg>'${protocol}' == 'telnet'</arg>
<arg>Connect Via Telnet</arg>
<arg>${host}</arg>
<arg>${port}</arg>
<arg>${username}</arg>
<arg>${password}</arg>
<arg>${device_name}</arg>
<arg>ELSE</arg>
<arg>Fail</arg>
<arg>Unsupported protocol: ${protocol}</arg>
<doc>Runs the given keyword with the given arguments, if ``condition`` is true.</doc>
<status status="PASS" start="2026-02-19T08:37:56.840822" elapsed="1.407343"/>
</kw>
<arg>ubuntu</arg>
<arg>${side}</arg>
<status status="PASS" start="2026-02-19T08:37:56.837055" elapsed="1.411209"/>
</kw>
<kw name="Execute Command" owner="SSHLibrary">
<msg time="2026-02-19T08:37:58.248671" level="INFO">Executing command 'iperf3 -c 169.254.1.15 -i1 -t 60 -P 4 -J'.</msg>
<msg time="2026-02-19T08:38:58.370640" level="INFO">Command exited with return code 0.</msg>
<msg time="2026-02-19T08:38:58.370928" level="INFO">${output} = {
	"start":	{
		"connected":	[{
				"socket":	5,
				"local_host":	"169.254.1.222",
				"local_port":	47104,
				"remote_host":	"169.254.1.15",
				"remote_port":	5201
			}, {
				"socket":	7,
				"lo...</msg>
<var>${output}</var>
<arg>${command}</arg>
<doc>Executes ``command`` on the remote machine and returns its outputs.</doc>
<status status="PASS" start="2026-02-19T08:37:58.248457" elapsed="60.122521"/>
</kw>
<kw name="Disconnect Device" owner="connection_keywords">
<kw name="Switch Connection" owner="SSHLibrary">
<arg>${device_name}</arg>
<doc>Switches the active connection by index or alias.</doc>
<status status="PASS" start="2026-02-19T08:38:58.371675" elapsed="0.000161"/>
</kw>
<kw name="Close Connection" owner="SSHLibrary">
<doc>Closes the current connection.</doc>
<status status="PASS" start="2026-02-19T08:38:58.371952" elapsed="0.000702"/>
</kw>
<arg>${side}</arg>
<status status="PASS" start="2026-02-19T08:38:58.371276" elapsed="0.001476"/>
</kw>
<return>
<value>${output}</value>
<status status="PASS" start="2026-02-19T08:38:58.372819" elapsed="0.000077"/>
</return>
<msg time="2026-02-19T08:38:58.373076" level="INFO">${output} = {
	"start":	{
		"connected":	[{
				"socket":	5,
				"local_host":	"169.254.1.222",
				"local_port":	47104,
				"remote_host":	"169.254.1.15",
				"remote_port":	5201
			}, {
				"socket":	7,
				"lo...</msg>
<var>${output}</var>
<arg>${src}</arg>
<arg>${cmd}</arg>
<status status="PASS" start="2026-02-19T08:37:56.835793" elapsed="61.537316"/>
</kw>
<kw name="Stop Iperf Server">
<kw name="Log To Console" owner="BuiltIn">
<arg>Stopping iperf server on ${side}</arg>
<doc>Logs the given message to the console.</doc>
<status status="PASS" start="2026-02-19T08:38:58.373628" elapsed="0.000631"/>
</kw>
<kw name="Connect To Device" owner="connection_keywords">
<kw name="Dictionary Should Contain Key" owner="Collections">
<arg>${devices}</arg>
<arg>${device_type}</arg>
<doc>Fails if ``key`` is not found from ``dictionary``.</doc>
<status status="PASS" start="2026-02-19T08:38:58.374850" elapsed="0.000199"/>
</kw>
<kw name="Get From Dictionary" owner="Collections">
<msg time="2026-02-19T08:38:58.375369" level="INFO">${device_group} = {'pop': {'host': '10.110.186.7', 'test_host': '169.254.1.222', 'username': 'cnwave', 'password': 'cnwave', 'port': 22, 'protocol': 'ssh'}, 'dn': {'host': '10.110.186.51', 'test_host': '169.254.1.15', ...</msg>
<var>${device_group}</var>
<arg>${devices}</arg>
<arg>${device_type}</arg>
<doc>Returns a value from the given ``dictionary`` based on the given ``key``.</doc>
<status status="PASS" start="2026-02-19T08:38:58.375164" elapsed="0.000238"/>
</kw>
<kw name="Dictionary Should Contain Key" owner="Collections">
<arg>${device_group}</arg>
<arg>${device_name}</arg>
<doc>Fails if ``key`` is not found from ``dictionary``.</doc>
<status status="PASS" start="2026-02-19T08:38:58.375505" elapsed="0.000161"/>
</kw>
<kw name="Get From Dictionary" owner="Collections">
<msg time="2026-02-19T08:38:58.376009" level="INFO">${device} = {'host': '10.110.186.51', 'test_host': '169.254.1.15', 'username': 'cnwave', 'password': 'cnwave', 'port': 22, 'protocol': 'ssh'}</msg>
<var>${device}</var>
<arg>${device_group}</arg>
<arg>${device_name}</arg>
<doc>Returns a value from the given ``dictionary`` based on the given ``key``.</doc>
<status status="PASS" start="2026-02-19T08:38:58.375806" elapsed="0.000232"/>
</kw>
<kw name="Get From Dictionary" owner="Collections">
<msg time="2026-02-19T08:38:58.376311" level="INFO">${host} = 10.110.186.51</msg>
<var>${host}</var>
<arg>${device}</arg>
<arg>host</arg>
<doc>Returns a value from the given ``dictionary`` based on the given ``key``.</doc>
<status status="PASS" start="2026-02-19T08:38:58.376140" elapsed="0.000196"/>
</kw>
<kw name="Get From Dictionary" owner="Collections">
<msg time="2026-02-19T08:38:58.376616" level="INFO">${username} = cnwave</msg>
<var>${username}</var>
<arg>${device}</arg>
<arg>username</arg>
<doc>Returns a value from the given ``dictionary`` based on the given ``key``.</doc>
<status status="PASS" start="2026-02-19T08:38:58.376443" elapsed="0.000199"/>
</kw>
<kw name="Get From Dictionary" owner="Collections">
<msg time="2026-02-19T08:38:58.376904" level="INFO">${password} = cnwave</msg>
<var>${password}</var>
<arg>${device}</arg>
<arg>password</arg>
<doc>Returns a value from the given ``dictionary`` based on the given ``key``.</doc>
<status status="PASS" start="2026-02-19T08:38:58.376746" elapsed="0.000182"/>
</kw>
<kw name="Get From Dictionary" owner="Collections">
<msg time="2026-02-19T08:38:58.377189" level="INFO">${port} = 22</msg>
<var>${port}</var>
<arg>${device}</arg>
<arg>port</arg>
<doc>Returns a value from the given ``dictionary`` based on the given ``key``.</doc>
<status status="PASS" start="2026-02-19T08:38:58.377026" elapsed="0.000187"/>
</kw>
<kw name="Get From Dictionary" owner="Collections">
<msg time="2026-02-19T08:38:58.377466" level="INFO">${protocol} = ssh</msg>
<var>${protocol}</var>
<arg>${device}</arg>
<arg>protocol</arg>
<doc>Returns a value from the given ``dictionary`` based on the given ``key``.</doc>
<status status="PASS" start="2026-02-19T08:38:58.377317" elapsed="0.000175"/>
</kw>
<kw name="Log" owner="BuiltIn">
<msg time="2026-02-19T08:38:58.377947" level="INFO">Connecting to ubuntu -&gt; dn (10.110.186.51)</msg>
<arg>Connecting to ${device_type} -&gt; ${device_name} (${host})</arg>
<doc>Logs the given message with the given level.</doc>
<status status="PASS" start="2026-02-19T08:38:58.377599" elapsed="0.000422"/>
</kw>
<kw name="Run Keyword If" owner="BuiltIn">
<kw name="Connect Via SSH" owner="connection_keywords">
<kw name="Open Connection" owner="SSHLibrary">
<arg>${host}</arg>
<arg>port=${port}</arg>
<arg>timeout=30s</arg>
<arg>alias=${alias}</arg>
<doc>Opens a new SSH connection to the given ``host`` and ``port``.</doc>
<status status="PASS" start="2026-02-19T08:38:58.379236" elapsed="0.000393"/>
</kw>
<kw name="Login" owner="SSHLibrary">
<msg time="2026-02-19T08:38:58.379948" level="INFO">Logging into '10.110.186.51:22' as 'cnwave'.</msg>
<msg time="2026-02-19T08:38:59.710518" level="INFO">Read output: Welcome to Ubuntu 18.04 LTS (bison-elk-cougar-mlk X54) (GNU/Linux 5.4.0-132-generic x86_64)

 * Documentation:  https://help.ubuntu.com
 * Management:     https://landscape.canonical.com
 * Support:        https://ubuntu.com/advantage

 * Canonical Livepatch is available for installation.
   - Reduce system reboots and improve kernel security. Activate at:
     https://ubuntu.com/livepatch

306 packages can be updated.
205 updates are security updates.

Last login: Thu Feb 19 08:37:14 2026 from 172.26.110.237
cnwave@cnwave-dn-connected:~$</msg>
<arg>${username}</arg>
<arg>${password}</arg>
<doc>Logs into the SSH server with the given ``username`` and ``password``.</doc>
<status status="PASS" start="2026-02-19T08:38:58.379762" elapsed="1.330968"/>
</kw>
<arg>${host}</arg>
<arg>${port}</arg>
<arg>${username}</arg>
<arg>${password}</arg>
<arg>${device_name}</arg>
<status status="PASS" start="2026-02-19T08:38:58.378804" elapsed="1.332082"/>
</kw>
<arg>'${protocol}' == 'ssh'</arg>
<arg>Connect Via SSH</arg>
<arg>${host}</arg>
<arg>${port}</arg>
<arg>${username}</arg>
<arg>${password}</arg>
<arg>${device_name}</arg>
<arg>ELSE IF</arg>
<arg>'${protocol}' == 'telnet'</arg>
<arg>Connect Via Telnet</arg>
<arg>${host}</arg>
<arg>${port}</arg>
<arg>${username}</arg>
<arg>${password}</arg>
<arg>${device_name}</arg>
<arg>ELSE</arg>
<arg>Fail</arg>
<arg>Unsupported protocol: ${protocol}</arg>
<doc>Runs the given keyword with the given arguments, if ``condition`` is true.</doc>
<status status="PASS" start="2026-02-19T08:38:58.378151" elapsed="1.332836"/>
</kw>
<arg>ubuntu</arg>
<arg>${side}</arg>
<status status="PASS" start="2026-02-19T08:38:58.374519" elapsed="1.336617"/>
</kw>
<kw name="Execute Command" owner="SSHLibrary">
<msg time="2026-02-19T08:38:59.711659" level="INFO">Executing command 'pkill iperf3'.</msg>
<msg time="2026-02-19T08:38:59.746746" level="INFO">Command exited with return code 0.</msg>
<arg>pkill iperf3</arg>
<doc>Executes ``command`` on the remote machine and returns its outputs.</doc>
<status status="PASS" start="2026-02-19T08:38:59.711421" elapsed="0.035550"/>
</kw>
<kw name="Disconnect Device" owner="connection_keywords">
<kw name="Switch Connection" owner="SSHLibrary">
<arg>${device_name}</arg>
<doc>Switches the active connection by index or alias.</doc>
<status status="PASS" start="2026-02-19T08:38:59.748157" elapsed="0.000340"/>
</kw>
<kw name="Close Connection" owner="SSHLibrary">
<doc>Closes the current connection.</doc>
<status status="PASS" start="2026-02-19T08:38:59.748720" elapsed="0.001023"/>
</kw>
<arg>${side}</arg>
<status status="PASS" start="2026-02-19T08:38:59.747453" elapsed="0.002412"/>
</kw>
<arg>${dst}</arg>
<status status="PASS" start="2026-02-19T08:38:58.373313" elapsed="1.376633"/>
</kw>
<return>
<value>${output}</value>
<status status="PASS" start="2026-02-19T08:38:59.750017" elapsed="0.000072"/>
</return>
<msg time="2026-02-19T08:38:59.750335" level="INFO">${result} = {
	"start":	{
		"connected":	[{
				"socket":	5,
				"local_host":	"169.254.1.222",
				"local_port":	47104,
				"remote_host":	"169.254.1.15",
				"remote_port":	5201
			}, {
				"socket":	7,
				"lo...</msg>
<var>${result}</var>
<arg>pop</arg>
<arg>dn</arg>
<arg>streams=4</arg>
<status status="PASS" start="2026-02-19T08:37:53.394459" elapsed="66.355926"/>
</kw>
<kw name="Log Raw Results">
<kw name="Set Variable" owner="BuiltIn">
<msg time="2026-02-19T08:38:59.752896" level="INFO">${json_file} = results/V5000POP_V3000CN/20260219_083748/TCP-Downlink-4Stream.json</msg>
<var>${json_file}</var>
<arg>${RESULT_DIR}/${test_name}.json</arg>
<doc>Returns the given values which can then be assigned to a variables.</doc>
<status status="PASS" start="2026-02-19T08:38:59.752495" elapsed="0.000433"/>
</kw>
<kw name="Create File" owner="OperatingSystem">
<msg time="2026-02-19T08:38:59.754508" level="INFO" html="true">Created file '&lt;a href="file://C:\Users\srt001\OneDrive - Cambium Networks Limited\Desktop\cnWave\cnWave_60Ghz_automation\performance\results\V5000POP_V3000CN\20260219_083748\TCP-Downlink-4Stream.json"&gt;C:\Users\srt001\OneDrive - Cambium Networks Limited\Desktop\cnWave\cnWave_60Ghz_automation\performance\results\V5000POP_V3000CN\20260219_083748\TCP-Downlink-4Stream.json&lt;/a&gt;'.</msg>
<arg>${json_file}</arg>
<arg>${iperf_output}</arg>
<doc>Creates a file with the given content and encoding.</doc>
<status status="PASS" start="2026-02-19T08:38:59.753043" elapsed="0.001583"/>
</kw>
<kw name="Set Variable" owner="BuiltIn">
<msg time="2026-02-19T08:38:59.755182" level="INFO">${raw_file} = results/V5000POP_V3000CN/20260219_083748/raw_TCP-Downlink-4Stream.txt</msg>
<var>${raw_file}</var>
<arg>${RESULT_DIR}/raw_${test_name}.txt</arg>
<doc>Returns the given values which can then be assigned to a variables.</doc>
<status status="PASS" start="2026-02-19T08:38:59.754808" elapsed="0.000436"/>
</kw>
<kw name="Create File" owner="OperatingSystem">
<msg time="2026-02-19T08:38:59.760144" level="INFO" html="true">Created file '&lt;a href="file://C:\Users\srt001\OneDrive - Cambium Networks Limited\Desktop\cnWave\cnWave_60Ghz_automation\performance\results\V5000POP_V3000CN\20260219_083748\raw_TCP-Downlink-4Stream.txt"&gt;C:\Users\srt001\OneDrive - Cambium Networks Limited\Desktop\cnWave\cnWave_60Ghz_automation\performance\results\V5000POP_V3000CN\20260219_083748\raw_TCP-Downlink-4Stream.txt&lt;/a&gt;'.</msg>
<arg>${raw_file}</arg>
<arg>${iperf_output}</arg>
<doc>Creates a file with the given content and encoding.</doc>
<status status="PASS" start="2026-02-19T08:38:59.755364" elapsed="0.004889"/>
</kw>
<kw name="Log To Console" owner="BuiltIn">
<arg>Saved JSON: ${json_file}</arg>
<doc>Logs the given message to the console.</doc>
<status status="PASS" start="2026-02-19T08:38:59.760404" elapsed="0.000564"/>
</kw>
<kw name="Log To Console" owner="BuiltIn">
<arg>Saved RAW: ${raw_file}</arg>
<doc>Logs the given message to the console.</doc>
<status status="PASS" start="2026-02-19T08:38:59.761121" elapsed="0.000540"/>
</kw>
<kw name="Set Variable" owner="BuiltIn">
<msg time="2026-02-19T08:38:59.762177" level="INFO">${graph_file} = results/V5000POP_V3000CN/20260219_083748/TCP-Downlink-4Stream_graph.png</msg>
<var>${graph_file}</var>
<arg>${RESULT_DIR}/${test_name}_graph.png</arg>
<doc>Returns the given values which can then be assigned to a variables.</doc>
<status status="PASS" start="2026-02-19T08:38:59.761819" elapsed="0.000389"/>
</kw>
<kw name="Run Process" owner="Process">
<msg time="2026-02-19T08:38:59.763417" level="INFO">Starting process:
py plot_iperf.py results/V5000POP_V3000CN/20260219_083748/TCP-Downlink-4Stream.json results/V5000POP_V3000CN/20260219_083748/TCP-Downlink-4Stream_graph.png</msg>
<msg time="2026-02-19T08:38:59.772486" level="INFO">Waiting for process to complete.</msg>
<msg time="2026-02-19T08:39:01.963716" level="INFO">Process completed.</msg>
<msg time="2026-02-19T08:39:01.963964" level="INFO">${result} = &lt;result object with rc 0&gt;</msg>
<var>${result}</var>
<arg>py</arg>
<arg>plot_iperf.py</arg>
<arg>${json_file}</arg>
<arg>${graph_file}</arg>
<arg>stdout=PIPE</arg>
<arg>stderr=PIPE</arg>
<doc>Runs a process and waits for it to complete.</doc>
<status status="PASS" start="2026-02-19T08:38:59.762332" elapsed="2.201671"/>
</kw>
<kw name="Set Variable" owner="BuiltIn">
<msg time="2026-02-19T08:39:01.980671" level="INFO">${avg_output} = Average Throughput: 1765.56 Mbps</msg>
<var>${avg_output}</var>
<arg>${result.stdout}</arg>
<doc>Returns the given values which can then be assigned to a variables.</doc>
<status status="PASS" start="2026-02-19T08:39:01.964262" elapsed="0.016466"/>
</kw>
<kw name="Log To Console" owner="BuiltIn">
<arg>${avg_output}</arg>
<doc>Logs the given message to the console.</doc>
<status status="PASS" start="2026-02-19T08:39:01.980923" elapsed="0.000738"/>
</kw>
<kw name="Log" owner="BuiltIn">
<msg time="2026-02-19T08:39:01.982219" level="INFO">Average Throughput: 1765.56 Mbps</msg>
<arg>${avg_output}</arg>
<doc>Logs the given message with the given level.</doc>
<status status="PASS" start="2026-02-19T08:39:01.981879" elapsed="0.000407"/>
</kw>
<kw name="Run Keyword And Return Status" owner="BuiltIn">
<kw name="Should Contain" owner="BuiltIn">
<arg>${avg_output}</arg>
<arg>Average</arg>
<doc>Fails if ``container`` does not contain ``item`` one or more times.</doc>
<status status="PASS" start="2026-02-19T08:39:01.982755" elapsed="0.000312"/>
</kw>
<msg time="2026-02-19T08:39:01.983162" level="INFO">${has_average} = True</msg>
<var>${has_average}</var>
<arg>Should Contain</arg>
<arg>${avg_output}</arg>
<arg>Average</arg>
<doc>Runs the specified keyword and returns the status as a Boolean value.</doc>
<status status="PASS" start="2026-02-19T08:39:01.982437" elapsed="0.000751"/>
</kw>
<if>
<branch type="IF" condition="not ${has_average}">
<kw name="Fail" owner="BuiltIn">
<arg>No throughput detected. Traffic did not pass.</arg>
<doc>Fails the test with the given message and optionally alters its tags.</doc>
<status status="NOT RUN" start="2026-02-19T08:39:01.983600" elapsed="0.000022"/>
</kw>
<status status="NOT RUN" start="2026-02-19T08:39:01.983319" elapsed="0.000341"/>
</branch>
<status status="PASS" start="2026-02-19T08:39:01.983267" elapsed="0.000441"/>
</if>
<kw name="Run Keyword And Return Status" owner="BuiltIn">
<kw name="Should Contain" owner="BuiltIn">
<msg time="2026-02-19T08:39:01.984561" level="FAIL">'Average Throughput: 1765.56 Mbps' does not contain 'Average Sent Throughput'</msg>
<arg>${avg_output}</arg>
<arg>Average Sent Throughput</arg>
<doc>Fails if ``container`` does not contain ``item`` one or more times.</doc>
<status status="FAIL" start="2026-02-19T08:39:01.984153" elapsed="0.000666">'Average Throughput: 1765.56 Mbps' does not contain 'Average Sent Throughput'</status>
</kw>
<msg time="2026-02-19T08:39:01.984951" level="INFO">${sent_exists} = False</msg>
<var>${sent_exists}</var>
<arg>Should Contain</arg>
<arg>${avg_output}</arg>
<arg>Average Sent Throughput</arg>
<doc>Runs the specified keyword and returns the status as a Boolean value.</doc>
<status status="PASS" start="2026-02-19T08:39:01.983826" elapsed="0.001152"/>
</kw>
<kw name="Run Keyword And Return Status" owner="BuiltIn">
<kw name="Should Contain" owner="BuiltIn">
<msg time="2026-02-19T08:39:01.985856" level="FAIL">'Average Throughput: 1765.56 Mbps' does not contain 'Average Received Throughput'</msg>
<arg>${avg_output}</arg>
<arg>Average Received Throughput</arg>
<doc>Fails if ``container`` does not contain ``item`` one or more times.</doc>
<status status="FAIL" start="2026-02-19T08:39:01.985502" elapsed="0.000455">'Average Throughput: 1765.56 Mbps' does not contain 'Average Received Throughput'</status>
</kw>
<msg time="2026-02-19T08:39:01.986061" level="INFO">${recv_exists} = False</msg>
<var>${recv_exists}</var>
<arg>Should Contain</arg>
<arg>${avg_output}</arg>
<arg>Average Received Throughput</arg>
<doc>Runs the specified keyword and returns the status as a Boolean value.</doc>
<status status="PASS" start="2026-02-19T08:39:01.985117" elapsed="0.000975"/>
</kw>
<if>
<branch type="IF" condition="${sent_exists}">
<kw name="Evaluate" owner="BuiltIn">
<var>${sent_value}</var>
<arg>float("""${avg_output}""".split("Average Sent Throughput:")[1].split("Mbps")[0].strip())</arg>
<doc>Evaluates the given expression in Python and returns the result.</doc>
<status status="NOT RUN" start="2026-02-19T08:39:01.986334" elapsed="0.000020"/>
</kw>
<status status="NOT RUN" start="2026-02-19T08:39:01.986180" elapsed="0.000213"/>
</branch>
<branch type="ELSE">
<kw name="Evaluate" owner="BuiltIn">
<msg time="2026-02-19T08:39:01.986942" level="INFO">${sent_value} = 1765.56</msg>
<var>${sent_value}</var>
<arg>float("""${avg_output}""".split("Average Throughput:")[1].split("Mbps")[0].strip())</arg>
<doc>Evaluates the given expression in Python and returns the result.</doc>
<status status="PASS" start="2026-02-19T08:39:01.986517" elapsed="0.000457"/>
</kw>
<status status="PASS" start="2026-02-19T08:39:01.986423" elapsed="0.000602"/>
</branch>
<status status="PASS" start="2026-02-19T08:39:01.986156" elapsed="0.000897"/>
</if>
<kw name="Log To Console" owner="BuiltIn">
<arg>Sent Avg Mbps: ${sent_value}</arg>
<doc>Logs the given message to the console.</doc>
<status status="PASS" start="2026-02-19T08:39:01.987163" elapsed="0.000618"/>
</kw>
<if>
<branch type="IF" condition="${recv_exists}">
<kw name="Evaluate" owner="BuiltIn">
<var>${recv_value}</var>
<arg>float("""${avg_output}""".split("Average Received Throughput:")[1].split("Mbps")[0].strip())</arg>
<doc>Evaluates the given expression in Python and returns the result.</doc>
<status status="NOT RUN" start="2026-02-19T08:39:01.988106" elapsed="0.000026"/>
</kw>
<kw name="Log To Console" owner="BuiltIn">
<arg>Received Avg Mbps: ${recv_value}</arg>
<doc>Logs the given message to the console.</doc>
<status status="NOT RUN" start="2026-02-19T08:39:01.988284" elapsed="0.000021"/>
</kw>
<status status="NOT RUN" start="2026-02-19T08:39:01.987909" elapsed="0.000430"/>
</branch>
<branch type="ELSE">
<kw name="Set Variable" owner="BuiltIn">
<msg time="2026-02-19T08:39:01.988773" level="INFO">${recv_value} = 0</msg>
<var>${recv_value}</var>
<arg>0</arg>
<doc>Returns the given values which can then be assigned to a variables.</doc>
<status status="PASS" start="2026-02-19T08:39:01.988471" elapsed="0.000331"/>
</kw>
<status status="PASS" start="2026-02-19T08:39:01.988369" elapsed="0.000480"/>
</branch>
<status status="PASS" start="2026-02-19T08:39:01.987882" elapsed="0.000993"/>
</if>
<kw name="Run Keyword And Return Status" owner="BuiltIn">
<kw name="Should Be True" owner="BuiltIn">
<arg>${sent_value} &gt;= ${MIN_EXPECTED_MBPS}</arg>
<doc>Fails if the given condition is not true.</doc>
<status status="PASS" start="2026-02-19T08:39:01.989292" elapsed="0.000416"/>
</kw>
<msg time="2026-02-19T08:39:01.989805" level="INFO">${sent_check} = True</msg>
<var>${sent_check}</var>
<arg>Should Be True</arg>
<arg>${sent_value} &gt;= ${MIN_EXPECTED_MBPS}</arg>
<doc>Runs the specified keyword and returns the status as a Boolean value.</doc>
<status status="PASS" start="2026-02-19T08:39:01.988989" elapsed="0.000842"/>
</kw>
<kw name="Set Variable" owner="BuiltIn">
<msg time="2026-02-19T08:39:01.990211" level="INFO">${recv_check} = True</msg>
<var>${recv_check}</var>
<arg>True</arg>
<doc>Returns the given values which can then be assigned to a variables.</doc>
<status status="PASS" start="2026-02-19T08:39:01.989948" elapsed="0.000289"/>
</kw>
<if>
<branch type="IF" condition="${recv_exists}">
<kw name="Run Keyword And Return Status" owner="BuiltIn">
<var>${recv_check}</var>
<arg>Should Be True</arg>
<arg>${recv_value} &gt;= ${MIN_EXPECTED_MBPS}</arg>
<doc>Runs the specified keyword and returns the status as a Boolean value.</doc>
<status status="NOT RUN" start="2026-02-19T08:39:01.990466" elapsed="0.000021"/>
</kw>
<status status="NOT RUN" start="2026-02-19T08:39:01.990317" elapsed="0.000214"/>
</branch>
<status status="PASS" start="2026-02-19T08:39:01.990294" elapsed="0.000265"/>
</if>
<kw name="Set Variable" owner="BuiltIn">
<msg time="2026-02-19T08:39:01.990904" level="INFO">${status} = PASS</msg>
<var>${status}</var>
<arg>PASS</arg>
<doc>Returns the given values which can then be assigned to a variables.</doc>
<status status="PASS" start="2026-02-19T08:39:01.990652" elapsed="0.000279"/>
</kw>
<if>
<branch type="IF" condition="not ${sent_check}">
<kw name="Set Variable" owner="BuiltIn">
<var>${status}</var>
<arg>FAIL</arg>
<doc>Returns the given values which can then be assigned to a variables.</doc>
<status status="NOT RUN" start="2026-02-19T08:39:01.991204" elapsed="0.000020"/>
</kw>
<status status="NOT RUN" start="2026-02-19T08:39:01.991004" elapsed="0.000258"/>
</branch>
<status status="PASS" start="2026-02-19T08:39:01.990983" elapsed="0.000305"/>
</if>
<if>
<branch type="IF" condition="not ${recv_check}">
<kw name="Set Variable" owner="BuiltIn">
<var>${status}</var>
<arg>FAIL</arg>
<doc>Returns the given values which can then be assigned to a variables.</doc>
<status status="NOT RUN" start="2026-02-19T08:39:01.991522" elapsed="0.000020"/>
</kw>
<status status="NOT RUN" start="2026-02-19T08:39:01.991347" elapsed="0.000230"/>
</branch>
<status status="PASS" start="2026-02-19T08:39:01.991328" elapsed="0.000279"/>
</if>
<if>
<branch type="IF" condition="${recv_exists}">
<kw name="Should Be True" owner="BuiltIn">
<arg>${recv_value} &gt;= ${MIN_EXPECTED_MBPS}</arg>
<arg>Received throughput ${recv_value} Mbps is below expected ${MIN_EXPECTED_MBPS} Mbps</arg>
<doc>Fails if the given condition is not true.</doc>
<status status="NOT RUN" start="2026-02-19T08:39:01.991787" elapsed="0.000019"/>
</kw>
<status status="NOT RUN" start="2026-02-19T08:39:01.991659" elapsed="0.000184"/>
</branch>
<status status="PASS" start="2026-02-19T08:39:01.991643" elapsed="0.000223"/>
</if>
<kw name="Log To Console" owner="BuiltIn">
<arg>Graph saved: ${graph_file}</arg>
<doc>Logs the given message to the console.</doc>
<status status="PASS" start="2026-02-19T08:39:01.991950" elapsed="0.000587"/>
</kw>
<kw name="Log" owner="BuiltIn">
<msg time="2026-02-19T08:39:01.993088" level="INFO" html="true">&lt;img src="results/V5000POP_V3000CN/20260219_083748/TCP-Downlink-4Stream_graph.png" width="800px"&gt;</msg>
<arg>&lt;img src="${graph_file}" width="800px"&gt;</arg>
<arg>html=True</arg>
<doc>Logs the given message with the given level.</doc>
<status status="PASS" start="2026-02-19T08:39:01.992700" elapsed="0.000444"/>
</kw>
<kw name="Get Time" owner="BuiltIn">
<msg time="2026-02-19T08:39:01.993640" level="INFO">${timestamp} = 2026-02-19 08:39:01</msg>
<var>${timestamp}</var>
<arg>result_format=%Y-%m-%d %H:%M:%S</arg>
<doc>Returns the given time in the requested format.</doc>
<status status="PASS" start="2026-02-19T08:39:01.993291" elapsed="0.000378"/>
</kw>
<kw name="Set Variable" owner="BuiltIn">
<msg time="2026-02-19T08:39:01.994033" level="INFO">${status} = PASS</msg>
<var>${status}</var>
<arg>PASS</arg>
<doc>Returns the given values which can then be assigned to a variables.</doc>
<status status="PASS" start="2026-02-19T08:39:01.993787" elapsed="0.000272"/>
</kw>
<kw name="Run Keyword And Return Status" owner="BuiltIn">
<kw name="Should Be True" owner="BuiltIn">
<arg>${sent_value} &gt;= ${MIN_EXPECTED_MBPS}</arg>
<doc>Fails if the given condition is not true.</doc>
<status status="PASS" start="2026-02-19T08:39:01.994468" elapsed="0.000390"/>
</kw>
<msg time="2026-02-19T08:39:01.994953" level="INFO">${status_check} = True</msg>
[...]
<arg>Saved JSON: ${json_file}</arg>
<doc>Logs the given message to the console.</doc>
<status status="PASS" start="2026-02-19T08:48:05.345516" elapsed="0.000500"/>
</kw>
<kw name="Log To Console" owner="BuiltIn">
<arg>Saved RAW: ${raw_file}</arg>
<doc>Logs the given message to the console.</doc>
<status status="PASS" start="2026-02-19T08:48:05.346164" elapsed="0.000550"/>
</kw>
<kw name="Set Variable" owner="BuiltIn">
<msg time="2026-02-19T08:48:05.347245" level="INFO">${graph_file} = results/V5000POP_V3000CN/20260219_083748/UDP-Bidirectional_graph.png</msg>
<var>${graph_file}</var>
<arg>${RESULT_DIR}/${test_name}_graph.png</arg>
<doc>Returns the given values which can then be assigned to a variables.</doc>
<status status="PASS" start="2026-02-19T08:48:05.346867" elapsed="0.000410"/>
</kw>
<kw name="Run Process" owner="Process">
<msg time="2026-02-19T08:48:05.348280" level="INFO">Starting process:
py plot_iperf.py results/V5000POP_V3000CN/20260219_083748/UDP-Bidirectional.json results/V5000POP_V3000CN/20260219_083748/UDP-Bidirectional_graph.png</msg>
<msg time="2026-02-19T08:48:05.355598" level="INFO">Waiting for process to complete.</msg>
<msg time="2026-02-19T08:48:06.710231" level="INFO">Process completed.</msg>
<msg time="2026-02-19T08:48:06.710521" level="INFO">${result} = &lt;result object with rc 0&gt;</msg>
<var>${result}</var>
<arg>py</arg>
<arg>plot_iperf.py</arg>
<arg>${json_file}</arg>
<arg>${graph_file}</arg>
<arg>stdout=PIPE</arg>
<arg>stderr=PIPE</arg>
<doc>Runs a process and waits for it to complete.</doc>
<status status="PASS" start="2026-02-19T08:48:05.347410" elapsed="1.363145"/>
</kw>
<kw name="Set Variable" owner="BuiltIn">
<msg time="2026-02-19T08:48:06.726882" level="INFO">${avg_output} = Average Sent Throughput: 999.99 Mbps
Average Received Throughput: 1000.00 Mbps</msg>
<var>${avg_output}</var>
<arg>${result.stdout}</arg>
<doc>Returns the given values which can then be assigned to a variables.</doc>
<status status="PASS" start="2026-02-19T08:48:06.710801" elapsed="0.016186"/>
</kw>
<kw name="Log To Console" owner="BuiltIn">
<arg>${avg_output}</arg>
<doc>Logs the given message to the console.</doc>
<status status="PASS" start="2026-02-19T08:48:06.727186" elapsed="0.000654"/>
</kw>
<kw name="Log" owner="BuiltIn">
<msg time="2026-02-19T08:48:06.728401" level="INFO">Average Sent Throughput: 999.99 Mbps
Average Received Throughput: 1000.00 Mbps</msg>
<arg>${avg_output}</arg>
<doc>Logs the given message with the given level.</doc>
<status status="PASS" start="2026-02-19T08:48:06.728057" elapsed="0.000396"/>
</kw>
<kw name="Run Keyword And Return Status" owner="BuiltIn">
<kw name="Should Contain" owner="BuiltIn">
<arg>${avg_output}</arg>
<arg>Average</arg>
<doc>Fails if ``container`` does not contain ``item`` one or more times.</doc>
<status status="PASS" start="2026-02-19T08:48:06.728887" elapsed="0.000306"/>
</kw>
<msg time="2026-02-19T08:48:06.729298" level="INFO">${has_average} = True</msg>
<var>${has_average}</var>
<arg>Should Contain</arg>
<arg>${avg_output}</arg>
<arg>Average</arg>
<doc>Runs the specified keyword and returns the status as a Boolean value.</doc>
<status status="PASS" start="2026-02-19T08:48:06.728587" elapsed="0.000736"/>
</kw>
<if>
<branch type="IF" condition="not ${has_average}">
<kw name="Fail" owner="BuiltIn">
<arg>No throughput detected. Traffic did not pass.</arg>
<doc>Fails the test with the given message and optionally alters its tags.</doc>
<status status="NOT RUN" start="2026-02-19T08:48:06.729672" elapsed="0.000020"/>
</kw>
<status status="NOT RUN" start="2026-02-19T08:48:06.729423" elapsed="0.000309"/>
</branch>
<status status="PASS" start="2026-02-19T08:48:06.729395" elapsed="0.000368"/>
</if>
<kw name="Run Keyword And Return Status" owner="BuiltIn">
<kw name="Should Contain" owner="BuiltIn">
<arg>${avg_output}</arg>
<arg>Average Sent Throughput</arg>
<doc>Fails if ``container`` does not contain ``item`` one or more times.</doc>
<status status="PASS" start="2026-02-19T08:48:06.730175" elapsed="0.000307"/>
</kw>
<msg time="2026-02-19T08:48:06.730581" level="INFO">${sent_exists} = True</msg>
<var>${sent_exists}</var>
<arg>Should Contain</arg>
<arg>${avg_output}</arg>
<arg>Average Sent Throughput</arg>
<doc>Runs the specified keyword and returns the status as a Boolean value.</doc>
<status status="PASS" start="2026-02-19T08:48:06.729865" elapsed="0.000741"/>
</kw>
<kw name="Run Keyword And Return Status" owner="BuiltIn">
<kw name="Should Contain" owner="BuiltIn">
<arg>${avg_output}</arg>
<arg>Average Received Throughput</arg>
<doc>Fails if ``container`` does not contain ``item`` one or more times.</doc>
<status status="PASS" start="2026-02-19T08:48:06.731001" elapsed="0.000272"/>
</kw>
<msg time="2026-02-19T08:48:06.731363" level="INFO">${recv_exists} = True</msg>
<var>${recv_exists}</var>
<arg>Should Contain</arg>
<arg>${avg_output}</arg>
<arg>Average Received Throughput</arg>
<doc>Runs the specified keyword and returns the status as a Boolean value.</doc>
<status status="PASS" start="2026-02-19T08:48:06.730730" elapsed="0.000658"/>
</kw>
<if>
<branch type="IF" condition="${sent_exists}">
<kw name="Evaluate" owner="BuiltIn">
<msg time="2026-02-19T08:48:06.732020" level="INFO">${sent_value} = 999.99</msg>
<var>${sent_value}</var>
<arg>float("""${avg_output}""".split("Average Sent Throughput:")[1].split("Mbps")[0].strip())</arg>
<doc>Evaluates the given expression in Python and returns the result.</doc>
<status status="PASS" start="2026-02-19T08:48:06.731626" elapsed="0.000425"/>
</kw>
<status status="PASS" start="2026-02-19T08:48:06.731470" elapsed="0.000626"/>
</branch>
<branch type="ELSE">
<kw name="Evaluate" owner="BuiltIn">
<var>${sent_value}</var>
<arg>float("""${avg_output}""".split("Average Throughput:")[1].split("Mbps")[0].strip())</arg>
<doc>Evaluates the given expression in Python and returns the result.</doc>
<status status="NOT RUN" start="2026-02-19T08:48:06.732238" elapsed="0.000019"/>
</kw>
<status status="NOT RUN" start="2026-02-19T08:48:06.732133" elapsed="0.000163"/>
</branch>
<status status="PASS" start="2026-02-19T08:48:06.731449" elapsed="0.000872"/>
</if>
<kw name="Log To Console" owner="BuiltIn">
<arg>Sent Avg Mbps: ${sent_value}</arg>
<doc>Logs the given message to the console.</doc>
<status status="PASS" start="2026-02-19T08:48:06.732411" elapsed="0.000428"/>
</kw>
<if>
<branch type="IF" condition="${recv_exists}">
<kw name="Evaluate" owner="BuiltIn">
<msg time="2026-02-19T08:48:06.733584" level="INFO">${recv_value} = 1000.0</msg>
<var>${recv_value}</var>
<arg>float("""${avg_output}""".split("Average Received Throughput:")[1].split("Mbps")[0].strip())</arg>
<doc>Evaluates the given expression in Python and returns the result.</doc>
<status status="PASS" start="2026-02-19T08:48:06.733126" elapsed="0.000493"/>
</kw>
<kw name="Log To Console" owner="BuiltIn">
<arg>Received Avg Mbps: ${recv_value}</arg>
<doc>Logs the given message to the console.</doc>
<status status="PASS" start="2026-02-19T08:48:06.733739" elapsed="0.000451"/>
</kw>
<status status="PASS" start="2026-02-19T08:48:06.732950" elapsed="0.001297"/>
</branch>
<branch type="ELSE">
<kw name="Set Variable" owner="BuiltIn">
<var>${recv_value}</var>
<arg>0</arg>
<doc>Returns the given values which can then be assigned to a variables.</doc>
<status status="NOT RUN" start="2026-02-19T08:48:06.734405" elapsed="0.000022"/>
</kw>
<status status="NOT RUN" start="2026-02-19T08:48:06.734282" elapsed="0.000186"/>
</branch>
<status status="PASS" start="2026-02-19T08:48:06.732926" elapsed="0.001565"/>
</if>
<kw name="Run Keyword And Return Status" owner="BuiltIn">
<kw name="Should Be True" owner="BuiltIn">
<arg>${sent_value} &gt;= ${MIN_EXPECTED_MBPS}</arg>
<doc>Fails if the given condition is not true.</doc>
<status status="PASS" start="2026-02-19T08:48:06.734917" elapsed="0.000408"/>
</kw>
<msg time="2026-02-19T08:48:06.735418" level="INFO">${sent_check} = True</msg>
<var>${sent_check}</var>
<arg>Should Be True</arg>
<arg>${sent_value} &gt;= ${MIN_EXPECTED_MBPS}</arg>
<doc>Runs the specified keyword and returns the status as a Boolean value.</doc>
<status status="PASS" start="2026-02-19T08:48:06.734600" elapsed="0.000844"/>
</kw>
<kw name="Set Variable" owner="BuiltIn">
<msg time="2026-02-19T08:48:06.735804" level="INFO">${recv_check} = True</msg>
<var>${recv_check}</var>
<arg>True</arg>
<doc>Returns the given values which can then be assigned to a variables.</doc>
<status status="PASS" start="2026-02-19T08:48:06.735558" elapsed="0.000272"/>
</kw>
<if>
<branch type="IF" condition="${recv_exists}">
<kw name="Run Keyword And Return Status" owner="BuiltIn">
<kw name="Should Be True" owner="BuiltIn">
<arg>${recv_value} &gt;= ${MIN_EXPECTED_MBPS}</arg>
<doc>Fails if the given condition is not true.</doc>
<status status="PASS" start="2026-02-19T08:48:06.736357" elapsed="0.000373"/>
</kw>
<msg time="2026-02-19T08:48:06.736828" level="INFO">${recv_check} = True</msg>
<var>${recv_check}</var>
<arg>Should Be True</arg>
<arg>${recv_value} &gt;= ${MIN_EXPECTED_MBPS}</arg>
<doc>Runs the specified keyword and returns the status as a Boolean value.</doc>
<status status="PASS" start="2026-02-19T08:48:06.736076" elapsed="0.000776"/>
</kw>
<status status="PASS" start="2026-02-19T08:48:06.735924" elapsed="0.000979"/>
</branch>
<status status="PASS" start="2026-02-19T08:48:06.735903" elapsed="0.001036"/>
</if>
<kw name="Set Variable" owner="BuiltIn">
<msg time="2026-02-19T08:48:06.737283" level="INFO">${status} = PASS</msg>
<var>${status}</var>
<arg>PASS</arg>
<doc>Returns the given values which can then be assigned to a variables.</doc>
<status status="PASS" start="2026-02-19T08:48:06.737039" elapsed="0.000269"/>
</kw>
<if>
<branch type="IF" condition="not ${sent_check}">
<kw name="Set Variable" owner="BuiltIn">
<var>${status}</var>
<arg>FAIL</arg>
<doc>Returns the given values which can then be assigned to a variables.</doc>
<status status="NOT RUN" start="2026-02-19T08:48:06.737565" elapsed="0.000020"/>
</kw>
<status status="NOT RUN" start="2026-02-19T08:48:06.737381" elapsed="0.000267"/>
</branch>
<status status="PASS" start="2026-02-19T08:48:06.737363" elapsed="0.000312"/>
</if>
<if>
<branch type="IF" condition="not ${recv_check}">
<kw name="Set Variable" owner="BuiltIn">
<var>${status}</var>
<arg>FAIL</arg>
<doc>Returns the given values which can then be assigned to a variables.</doc>
<status status="NOT RUN" start="2026-02-19T08:48:06.737918" elapsed="0.000021"/>
</kw>
<status status="NOT RUN" start="2026-02-19T08:48:06.737732" elapsed="0.000244"/>
</branch>
<status status="PASS" start="2026-02-19T08:48:06.737716" elapsed="0.000285"/>
</if>
<if>
<branch type="IF" condition="${recv_exists}">
<kw name="Should Be True" owner="BuiltIn">
<arg>${recv_value} &gt;= ${MIN_EXPECTED_MBPS}</arg>
<arg>Received throughput ${recv_value} Mbps is below expected ${MIN_EXPECTED_MBPS} Mbps</arg>
<doc>Fails if the given condition is not true.</doc>
<status status="PASS" start="2026-02-19T08:48:06.738195" elapsed="0.000492"/>
</kw>
<status status="PASS" start="2026-02-19T08:48:06.738057" elapsed="0.000678"/>
</branch>
<status status="PASS" start="2026-02-19T08:48:06.738040" elapsed="0.000722"/>
</if>
<kw name="Log To Console" owner="BuiltIn">
<arg>Graph saved: ${graph_file}</arg>
<doc>Logs the given message to the console.</doc>
<status status="PASS" start="2026-02-19T08:48:06.738864" elapsed="0.000416"/>
</kw>
<kw name="Log" owner="BuiltIn">
<msg time="2026-02-19T08:48:06.739775" level="INFO" html="true">&lt;img src="results/V5000POP_V3000CN/20260219_083748/UDP-Bidirectional_graph.png" width="800px"&gt;</msg>
<arg>&lt;img src="${graph_file}" width="800px"&gt;</arg>
<arg>html=True</arg>
<doc>Logs the given message with the given level.</doc>
<status status="PASS" start="2026-02-19T08:48:06.739429" elapsed="0.000401"/>
</kw>
<kw name="Get Time" owner="BuiltIn">
<msg time="2026-02-19T08:48:06.740285" level="INFO">${timestamp} = 2026-02-19 08:48:06</msg>
<var>${timestamp}</var>
<arg>result_format=%Y-%m-%d %H:%M:%S</arg>
<doc>Returns the given time in the requested format.</doc>
<status status="PASS" start="2026-02-19T08:48:06.739967" elapsed="0.000346"/>
</kw>
<kw name="Set Variable" owner="BuiltIn">
<msg time="2026-02-19T08:48:06.740672" level="INFO">${status} = PASS</msg>
<var>${status}</var>
<arg>PASS</arg>
<doc>Returns the given values which can then be assigned to a variables.</doc>
<status status="PASS" start="2026-02-19T08:48:06.740428" elapsed="0.000270"/>
</kw>
<kw name="Run Keyword And Return Status" owner="BuiltIn">
<kw name="Should Be True" owner="BuiltIn">
<arg>${sent_value} &gt;= ${MIN_EXPECTED_MBPS}</arg>
<doc>Fails if the given condition is not true.</doc>
<status status="PASS" start="2026-02-19T08:48:06.741101" elapsed="0.000374"/>
</kw>
<msg time="2026-02-19T08:48:06.741566" level="INFO">${status_check} = True</msg>
<var>${status_check}</var>
<arg>Should Be True</arg>
<arg>${sent_value} &gt;= ${MIN_EXPECTED_MBPS}</arg>
<doc>Runs the specified keyword and returns the status as a Boolean value.</doc>
<status status="PASS" start="2026-02-19T08:48:06.740813" elapsed="0.000779"/>
</kw>
<if>
<branch type="IF" condition="not ${status_check}">
<kw name="Set Variable" owner="BuiltIn">
<var>${status}</var>
<arg>FAIL</arg>
<doc>Returns the given values which can then be assigned to a variables.</doc>
<status status="NOT RUN" start="2026-02-19T08:48:06.741877" elapsed="0.000022"/>
</kw>
<status status="NOT RUN" start="2026-02-19T08:48:06.741670" elapsed="0.000269"/>
</branch>
<status status="PASS" start="2026-02-19T08:48:06.741649" elapsed="0.000318"/>
</if>
<if>
<branch type="IF" condition="${recv_exists}">
<kw name="Run Keyword And Return Status" owner="BuiltIn">
<kw name="Should Be True" owner="BuiltIn">
<arg>${recv_value} &gt;= ${MIN_EXPECTED_MBPS}</arg>
<doc>Fails if the given condition is not true.</doc>
<status status="PASS" start="2026-02-19T08:48:06.742456" elapsed="0.000429"/>
</kw>
<msg time="2026-02-19T08:48:06.742999" level="INFO">${recv_check} = True</msg>
<var>${recv_check}</var>
<arg>Should Be True</arg>
<arg>${recv_value} &gt;= ${MIN_EXPECTED_MBPS}</arg>
<doc>Runs the specified keyword and returns the status as a Boolean value.</doc>
<status status="PASS" start="2026-02-19T08:48:06.742164" elapsed="0.000863"/>
</kw>
<if>
<branch type="IF" condition="not ${recv_check}">
<kw name="Set Variable" owner="BuiltIn">
<var>${status}</var>
<arg>FAIL</arg>
<doc>Returns the given values which can then be assigned to a variables.</doc>
<status status="NOT RUN" start="2026-02-19T08:48:06.743299" elapsed="0.000022"/>
</kw>
<status status="NOT RUN" start="2026-02-19T08:48:06.743113" elapsed="0.000247"/>
</branch>
<status status="PASS" start="2026-02-19T08:48:06.743092" elapsed="0.000295"/>
</if>
<status status="PASS" start="2026-02-19T08:48:06.742023" elapsed="0.001389"/>
</branch>
<status status="PASS" start="2026-02-19T08:48:06.742008" elapsed="0.001427"/>
</if>
<kw name="Set Variable" owner="BuiltIn">
<msg time="2026-02-19T08:48:06.743806" level="INFO">${csv_file} = dashboard_data.csv</msg>
<var>${csv_file}</var>
<arg>dashboard_data.csv</arg>
<doc>Returns the given values which can then be assigned to a variables.</doc>
<status status="PASS" start="2026-02-19T08:48:06.743525" elapsed="0.000309"/>
</kw>
<kw name="Set Variable" owner="BuiltIn">
<msg time="2026-02-19T08:48:06.744323" level="INFO">${row} = 2026-02-19 08:48:06,V5000POP_V3000CN,UDP-Bidirectional,999.99,1000.0,PASS
</msg>
<var>${row}</var>
<arg>${timestamp},${PTP_SETUP},${test_name},${sent_value},${recv_value},${status}\n</arg>
<doc>Returns the given values which can then be assigned to a variables.</doc>
<status status="PASS" start="2026-02-19T08:48:06.743934" elapsed="0.000417"/>
</kw>
<kw name="Run Keyword And Return Status" owner="BuiltIn">
<kw name="File Should Exist" owner="OperatingSystem">
<msg time="2026-02-19T08:48:06.745032" level="INFO" html="true">File '&lt;a href="file://C:\Users\srt001\OneDrive - Cambium Networks Limited\Desktop\cnWave\cnWave_60Ghz_automation\performance\dashboard_data.csv"&gt;C:\Users\srt001\OneDrive - Cambium Networks Limited\Desktop\cnWave\cnWave_60Ghz_automation\performance\dashboard_data.csv&lt;/a&gt;' exists.</msg>
<arg>${csv_file}</arg>
<doc>Fails unless the given ``path`` points to an existing file.</doc>
<status status="PASS" start="2026-02-19T08:48:06.744745" elapsed="0.000368"/>
</kw>
<msg time="2026-02-19T08:48:06.745224" level="INFO">${file_exists} = True</msg>
<var>${file_exists}</var>
<arg>OperatingSystem.File Should Exist</arg>
<arg>${csv_file}</arg>
<doc>Runs the specified keyword and returns the status as a Boolean value.</doc>
<status status="PASS" start="2026-02-19T08:48:06.744474" elapsed="0.000775"/>
</kw>
<if>
<branch type="IF" condition="not ${file_exists}">
<kw name="Create File" owner="OperatingSystem">
<arg>${csv_file}</arg>
<arg>timestamp,board_model,test_name,sent_avg,recv_avg,status\n</arg>
<doc>Creates a file with the given content and encoding.</doc>
<status status="NOT RUN" start="2026-02-19T08:48:06.745547" elapsed="0.000022"/>
</kw>
<status status="NOT RUN" start="2026-02-19T08:48:06.745339" elapsed="0.000269"/>
</branch>
<status status="PASS" start="2026-02-19T08:48:06.745318" elapsed="0.000317"/>
</if>
<kw name="Append To File" owner="OperatingSystem">
<msg time="2026-02-19T08:48:06.746777" level="INFO" html="true">Appended to file '&lt;a href="file://C:\Users\srt001\OneDrive - Cambium Networks Limited\Desktop\cnWave\cnWave_60Ghz_automation\performance\dashboard_data.csv"&gt;C:\Users\srt001\OneDrive - Cambium Networks Limited\Desktop\cnWave\cnWave_60Ghz_automation\performance\dashboard_data.csv&lt;/a&gt;'.</msg>
<arg>${csv_file}</arg>
<arg>${row}</arg>
<doc>Appends the given content to the specified file.</doc>
<status status="PASS" start="2026-02-19T08:48:06.745723" elapsed="0.001139"/>
</kw>
<kw name="Log To Console" owner="BuiltIn">
<arg>Dashboard updated: ${csv_file}</arg>
<doc>Logs the given message to the console.</doc>
<status status="PASS" start="2026-02-19T08:48:06.747023" elapsed="0.000618"/>
</kw>
<arg>UDP-Bidirectional</arg>
<arg>${result}</arg>
<status status="PASS" start="2026-02-19T08:48:05.340067" elapsed="1.407679"/>
</kw>
<status status="PASS" start="2026-02-19T08:46:55.069021" elapsed="71.679091"/>
</test>
<kw name="Restore MikroTik Ports" type="TEARDOWN">
<msg time="2026-02-19T08:48:06.751861" level="FAIL">No keyword with name 'Restore MikroTik Ports' found.</msg>
<status status="FAIL" start="2026-02-19T08:48:06.751789" elapsed="0.000126">No keyword with name 'Restore MikroTik Ports' found.</status>
</kw>
<status status="FAIL" start="2026-02-19T08:37:48.432091" elapsed="618.319926">Suite teardown failed:
No keyword with name 'Restore MikroTik Ports' found.</status>
</suite>
<statistics>
<total>
<stat pass="0" fail="9" skip="0">All Tests</stat>
</total>
<tag>
</tag>
<suite>
<stat name="Iperf Throughput" id="s1" pass="0" fail="9" skip="0">Iperf Throughput</stat>
</suite>
</statistics>
<errors>
<msg time="2026-02-19T08:37:48.835724" level="WARN">Error in file 'C:\Users\srt001\OneDrive - Cambium Networks Limited\Desktop\cnWave\cnWave_60Ghz_automation\resources\mikrotik_keywords.robot' on line 21: The '[Return]' setting is deprecated. Use the 'RETURN' statement instead.</msg>
<msg time="2026-02-19T08:37:48.836187" level="WARN">Error in file 'C:\Users\srt001\OneDrive - Cambium Networks Limited\Desktop\cnWave\cnWave_60Ghz_automation\resources\mikrotik_keywords.robot' on line 29: The '[Return]' setting is deprecated. Use the 'RETURN' statement instead.</msg>
</errors>
</robot>
